Log file open, 01/29/22 13:11:45
LogWindows: Failed to load 'aqProf.dll' (GetLastError=126)
LogWindows: File 'aqProf.dll' does not exist
LogWindows: Failed to load 'VtuneApi.dll' (GetLastError=126)
LogWindows: File 'VtuneApi.dll' does not exist
LogWindows: Failed to load 'VtuneApi32e.dll' (GetLastError=126)
LogWindows: File 'VtuneApi32e.dll' does not exist
LogConsoleResponse: Display: Failed to find resolution value strings in scalability ini. Falling back to default.
LogConsoleResponse: Display: Failed to find resolution value strings in scalability ini. Falling back to default.
LogInit: Display: Running engine for game: MyProject3
LogPlatformFile: Not using cached read wrapper
LogTaskGraph: Started task graph with 5 named threads and 47 total threads with 3 sets of task threads.
LogStats: Stats thread started at 0.235843
LogICUInternationalization: ICU TimeZone Detection - Raw Offset: +5:30, Platform Override: ''
LogInit: Display: Loading text-based GConfig....
LogPluginManager: Mounting plugin MeshPainting
LogPluginManager: Mounting plugin XGEController
LogPluginManager: Mounting plugin Paper2D
LogPluginManager: Mounting plugin EnvironmentQueryEditor
LogPluginManager: Mounting plugin LiveLink
LogPluginManager: Mounting plugin OodleData
LogPluginManager: Mounting plugin LightPropagationVolume
LogPluginManager: Mounting plugin OodleNetwork
LogPluginManager: Mounting plugin CameraShakePreviewer
LogPluginManager: Mounting plugin CryptoKeys
LogPluginManager: Mounting plugin AISupport
LogPluginManager: Mounting plugin CurveEditorTools
LogPluginManager: Mounting plugin AssetManagerEditor
LogPluginManager: Mounting plugin DataValidation
LogPluginManager: Mounting plugin FacialAnimation
LogPluginManager: Mounting plugin GameplayTagsEditor
LogPluginManager: Mounting plugin GeometryMode
LogPluginManager: Mounting plugin AlembicImporter
LogPluginManager: Mounting plugin AutomationUtils
LogPluginManager: Mounting plugin MaterialAnalyzer
LogPluginManager: Mounting plugin BackChannel
LogPluginManager: Mounting plugin MacGraphicsSwitching
LogPluginManager: Mounting plugin ChaosCloth
LogPluginManager: Mounting plugin ChaosClothEditor
LogPluginManager: Mounting plugin PluginBrowser
LogPluginManager: Mounting plugin GameplayCameras
LogPluginManager: Mounting plugin MobileLauncherProfileWizard
LogPluginManager: Mounting plugin SpeedTreeImporter
LogPluginManager: Mounting plugin ChaosEditor
LogPluginManager: Mounting plugin ChaosSolverPlugin
LogPluginManager: Mounting plugin CharacterAI
LogPluginManager: Mounting plugin ChaosNiagara
LogPluginManager: Mounting plugin GeometryProcessing
LogPluginManager: Mounting plugin GeometryCollectionPlugin
LogPluginManager: Mounting plugin GeometryCache
LogPluginManager: Mounting plugin Niagara
LogPluginManager: Mounting plugin MotoSynth
LogPluginManager: Mounting plugin OpenImageDenoise
LogPluginManager: Mounting plugin PlanarCut
LogPluginManager: Mounting plugin PythonScriptPlugin
LogPluginManager: Mounting plugin ProxyLODPlugin
LogPluginManager: Mounting plugin PlatformCrypto
LogPluginManager: Mounting plugin SkeletalReduction
LogPluginManager: Mounting plugin LuminPlatformFeatures
LogPluginManager: Mounting plugin MagicLeap
LogPluginManager: Mounting plugin MagicLeapLightEstimation
LogPluginManager: Mounting plugin MagicLeapMedia
LogPluginManager: Mounting plugin MLSDK
LogPluginManager: Mounting plugin MagicLeapPassableWorld
LogPluginManager: Mounting plugin TcpMessaging
LogPluginManager: Mounting plugin DatasmithContent
LogPluginManager: Mounting plugin AndroidMedia
LogPluginManager: Mounting plugin AvfMedia
LogPluginManager: Mounting plugin UdpMessaging
LogPluginManager: Mounting plugin ImgMedia
LogPluginManager: Mounting plugin MediaCompositing
LogPluginManager: Mounting plugin VariantManagerContent
LogPluginManager: Mounting plugin MediaPlayerEditor
LogPluginManager: Mounting plugin WmfMedia
LogPluginManager: Mounting plugin WebMMedia
LogPluginManager: Mounting plugin OnlineSubsystem
LogPluginManager: Mounting plugin OnlineSubsystemNull
LogPluginManager: Mounting plugin OnlineSubsystemUtils
LogPluginManager: Mounting plugin ActorLayerUtilities
LogPluginManager: Mounting plugin AndroidMoviePlayer
LogPluginManager: Mounting plugin AndroidDeviceProfileSelector
LogPluginManager: Mounting plugin AndroidPermission
LogPluginManager: Mounting plugin AppleMoviePlayer
LogPluginManager: Mounting plugin AppleImageUtils
LogPluginManager: Mounting plugin ArchVisCharacter
LogPluginManager: Mounting plugin AssetTags
LogPluginManager: Mounting plugin AudioCapture
LogPluginManager: Mounting plugin AudioSynesthesia
LogPluginManager: Mounting plugin ChunkDownloader
LogPluginManager: Mounting plugin CustomMeshComponent
LogPluginManager: Mounting plugin CableComponent
LogPluginManager: Mounting plugin EditableMesh
LogPluginManager: Mounting plugin ExampleDeviceProfileSelector
LogPluginManager: Mounting plugin GoogleCloudMessaging
LogPluginManager: Mounting plugin GooglePAD
LogPluginManager: Mounting plugin IOSDeviceProfileSelector
LogPluginManager: Mounting plugin LinuxDeviceProfileSelector
LogPluginManager: Mounting plugin LocationServicesBPLibrary
LogPluginManager: Mounting plugin MobilePatchingUtils
LogPluginManager: Mounting plugin OpenXR
LogPluginManager: Mounting plugin OpenXRHandTracking
LogPluginManager: Mounting plugin OpenXREyeTracker
LogPluginManager: Mounting plugin PhysXVehicles
LogPluginManager: Mounting plugin PostSplashScreen
LogPluginManager: Mounting plugin PropertyAccessEditor
LogPluginManager: Mounting plugin ProceduralMeshComponent
LogPluginManager: Mounting plugin RuntimePhysXCooking
LogPluginManager: Mounting plugin SignificanceManager
LogPluginManager: Mounting plugin SoundFields
LogPluginManager: Mounting plugin Synthesis
LogPluginManager: Mounting plugin WebMMoviePlayer
LogPluginManager: Mounting plugin WindowsMoviePlayer
LogPluginManager: Mounting plugin ActorSequence
LogPluginManager: Mounting plugin ScreenshotTools
LogPluginManager: Mounting plugin LevelSequenceEditor
LogPluginManager: Mounting plugin TemplateSequence
LogPluginManager: Mounting plugin MatineeToLevelSequence
LogPluginManager: Mounting plugin LauncherChunkInstaller
LogPluginManager: Mounting plugin Takes
LogPluginManager: Mounting plugin CLionSourceCodeAccess
LogPluginManager: Mounting plugin AnimationSharing
LogPluginManager: Mounting plugin CodeLiteSourceCodeAccess
LogPluginManager: Mounting plugin KDevelopSourceCodeAccess
LogPluginManager: Mounting plugin GitSourceControl
LogPluginManager: Mounting plugin NullSourceCodeAccess
LogPluginManager: Mounting plugin PerforceSourceControl
LogPluginManager: Mounting plugin PluginUtils
LogPluginManager: Mounting plugin PlasticSourceControl
LogPluginManager: Mounting plugin PropertyAccessNode
LogPluginManager: Mounting plugin RiderSourceCodeAccess
LogPluginManager: Mounting plugin PixWinPlugin
LogPluginManager: Mounting plugin SubversionSourceControl
LogPluginManager: Mounting plugin UObjectPlugin
LogPluginManager: Mounting plugin VisualStudioCodeSourceCodeAccess
LogPluginManager: Mounting plugin TextureFormatOodle
LogPluginManager: Mounting plugin VisualStudioSourceCodeAccess
LogPluginManager: Mounting plugin XCodeSourceCodeAccess
LogPluginManager: Mounting plugin ContentBrowserAssetDataSource
LogPluginManager: Mounting plugin ContentBrowserClassDataSource
LogPluginManager: Mounting plugin ContentBrowserFileDataSource
LogPluginManager: Mounting plugin OnlineSubsystemIOS
LogPluginManager: Mounting plugin OnlineSubsystemGooglePlay
LogPluginManager: Mounting plugin OculusVR
LogPluginManager: Mounting plugin SteamVR
LogInit: Using libcurl 7.55.1-DEV
LogInit:  - built for x86_64-pc-win32
LogInit:  - supports SSL with OpenSSL/1.1.1
LogInit:  - supports HTTP deflate (compression) using libz 1.2.8
LogInit:  - other features:
LogInit:      CURL_VERSION_SSL
LogInit:      CURL_VERSION_LIBZ
LogInit:      CURL_VERSION_IPV6
LogInit:      CURL_VERSION_ASYNCHDNS
LogInit:      CURL_VERSION_LARGEFILE
LogInit:      CURL_VERSION_IDN
LogInit:  CurlRequestOptions (configurable via config and command line):
LogInit:  - bVerifyPeer = true  - Libcurl will verify peer certificate
LogInit:  - bUseHttpProxy = false  - Libcurl will NOT use HTTP proxy
LogInit:  - bDontReuseConnections = false  - Libcurl will reuse connections
LogInit:  - MaxHostConnections = 16  - Libcurl will limit the number of connections to a host
LogInit:  - LocalHostAddr = Default
LogInit:  - BufferSize = 65536
LogOnline: OSS: Creating online subsystem instance for: NULL
LogInit: WinSock: version 1.1 (2.2), MaxSocks=32767, MaxUdp=65467
LogOnline: OSS: TryLoadSubsystemAndSetDefault: Loaded subsystem for module [NULL]
PixWinPlugin: PIX capture plugin failed to initialize! Check that the process is launched from PIX.
LogOculusPluginWrapper: OculusPlugin initialized successfully
LogHMD: Failed initializing OVRPlugin 1.59.0
LogInit: Build: ++UE4+Release-4.27-CL-18319896
LogInit: Engine Version: 4.27.2-18319896+++UE4+Release-4.27
LogInit: Compatible Engine Version: 4.27.0-17155196+++UE4+Release-4.27
LogInit: Net CL: 17155196
LogInit: OS: Windows 10 (Release 2009) (), CPU: AMD Ryzen 7 4800H with Radeon Graphics         , GPU: AMD Radeon(TM) Graphics
LogInit: Compiled (64-bit): Nov 30 2021 07:12:08
LogInit: Compiled with Visual C++: 19.24.28315.00
LogInit: Build Configuration: Development
LogInit: Branch Name: ++UE4+Release-4.27
LogInit: Command Line: 
LogInit: Base Directory: C:/Program Files/Epic Games/UE_4.27/Engine/Binaries/Win64/
LogInit: Allocator: TBB
LogInit: Installed Engine Build: 1
LogDevObjectVersion: Number of dev versions registered: 29
LogDevObjectVersion:   Dev-Blueprints (B0D832E4-1F89-4F0D-ACCF-7EB736FD4AA2): 10
LogDevObjectVersion:   Dev-Build (E1C64328-A22C-4D53-A36C-8E866417BD8C): 0
LogDevObjectVersion:   Dev-Core (375EC13C-06E4-48FB-B500-84F0262A717E): 4
LogDevObjectVersion:   Dev-Editor (E4B068ED-F494-42E9-A231-DA0B2E46BB41): 40
LogDevObjectVersion:   Dev-Framework (CFFC743F-43B0-4480-9391-14DF171D2073): 37
LogDevObjectVersion:   Dev-Mobile (B02B49B5-BB20-44E9-A304-32B752E40360): 3
LogDevObjectVersion:   Dev-Networking (A4E4105C-59A1-49B5-A7C5-40C4547EDFEE): 0
LogDevObjectVersion:   Dev-Online (39C831C9-5AE6-47DC-9A44-9C173E1C8E7C): 0
LogDevObjectVersion:   Dev-Physics (78F01B33-EBEA-4F98-B9B4-84EACCB95AA2): 14
LogDevObjectVersion:   Dev-Platform (6631380F-2D4D-43E0-8009-CF276956A95A): 0
LogDevObjectVersion:   Dev-Rendering (12F88B9F-8875-4AFC-A67C-D90C383ABD29): 45
LogDevObjectVersion:   Dev-Sequencer (7B5AE74C-D270-4C10-A958-57980B212A5A): 13
LogDevObjectVersion:   Dev-VR (D7296918-1DD6-4BDD-9DE2-64A83CC13884): 3
LogDevObjectVersion:   Dev-LoadTimes (C2A15278-BFE7-4AFE-6C17-90FF531DF755): 1
LogDevObjectVersion:   Private-Geometry (6EACA3D4-40EC-4CC1-B786-8BED09428FC5): 3
LogDevObjectVersion:   Dev-AnimPhys (29E575DD-E0A3-4627-9D10-D276232CDCEA): 17
LogDevObjectVersion:   Dev-Anim (AF43A65D-7FD3-4947-9873-3E8ED9C1BB05): 15
LogDevObjectVersion:   Dev-ReflectionCapture (6B266CEC-1EC7-4B8F-A30B-E4D90942FC07): 1
LogDevObjectVersion:   Dev-Automation (0DF73D61-A23F-47EA-B727-89E90C41499A): 1
LogDevObjectVersion:   FortniteMain (601D1886-AC64-4F84-AA16-D3DE0DEAC7D6): 47
LogDevObjectVersion:   FortniteRelease (E7086368-6B23-4C58-8439-1B7016265E91): 1
LogDevObjectVersion:   Dev-Enterprise (9DFFBCD6-494F-0158-E221-12823C92A888): 10
LogDevObjectVersion:   Dev-Niagara (F2AED0AC-9AFE-416F-8664-AA7FFA26D6FC): 1
LogDevObjectVersion:   Dev-Destruction (174F1F0B-B4C6-45A5-B13F-2EE8D0FB917D): 10
LogDevObjectVersion:   Dev-Physics-Ext (35F94A83-E258-406C-A318-09F59610247C): 41
LogDevObjectVersion:   Dev-PhysicsMaterial-Chaos (B68FC16E-8B1B-42E2-B453-215C058844FE): 1
LogDevObjectVersion:   Dev-CineCamera (B2E18506-4273-CFC2-A54E-F4BB758BBA07): 1
LogDevObjectVersion:   Dev-VirtualProduction (64F58936-FD1B-42BA-BA96-7289D5D0FA4E): 1
LogDevObjectVersion:   Dev-MediaFramework (6F0ED827-A609-4895-9C91-998D90180EA4): 2
LogInit: Presizing for max 25165824 objects, including 0 objects not considered by GC, pre-allocating 0 bytes for permanent pool.
LogConfig: Applying CVar settings from Section [/Script/Engine.StreamingSettings] File [E:/Unreal Engine/MyProject3/Saved/Config/Windows/Engine.ini]
LogConfig: Setting CVar [[s.MinBulkDataSizeForAsyncLoading:131072]]
LogConfig: Setting CVar [[s.AsyncLoadingThreadEnabled:0]]
LogConfig: Setting CVar [[s.EventDrivenLoaderEnabled:1]]
LogConfig: Setting CVar [[s.WarnIfTimeLimitExceeded:0]]
LogConfig: Setting CVar [[s.TimeLimitExceededMultiplier:1.5]]
LogConfig: Setting CVar [[s.TimeLimitExceededMinTime:0.005]]
LogConfig: Setting CVar [[s.UseBackgroundLevelStreaming:1]]
LogConfig: Setting CVar [[s.PriorityAsyncLoadingExtraTime:15.0]]
LogConfig: Setting CVar [[s.LevelStreamingActorsUpdateTimeLimit:5.0]]
LogConfig: Setting CVar [[s.PriorityLevelStreamingActorsUpdateExtraTime:5.0]]
LogConfig: Setting CVar [[s.LevelStreamingComponentsRegistrationGranularity:10]]
LogConfig: Setting CVar [[s.UnregisterComponentsTimeLimit:1.0]]
LogConfig: Setting CVar [[s.LevelStreamingComponentsUnregistrationGranularity:5]]
LogConfig: Setting CVar [[s.FlushStreamingOnExit:1]]
LogInit: Object subsystem initialized
LogConfig: Setting CVar [[con.DebugEarlyDefault:1]]
LogConfig: Setting CVar [[r.setres:1280x720]]
[2022.01.29-07.41.46:148][  0]LogConfig: Setting CVar [[r.VSync:0]]
[2022.01.29-07.41.46:148][  0]LogConfig: Setting CVar [[r.RHICmdBypass:0]]
[2022.01.29-07.41.46:148][  0]LogConfig: Applying CVar settings from Section [/Script/Engine.RendererSettings] File [E:/Unreal Engine/MyProject3/Saved/Config/Windows/Engine.ini]
[2022.01.29-07.41.46:148][  0]LogConfig: Setting CVar [[r.GPUCrashDebugging:0]]
[2022.01.29-07.41.46:148][  0]LogConfig: Applying CVar settings from Section [/Script/Engine.RendererOverrideSettings] File [E:/Unreal Engine/MyProject3/Saved/Config/Windows/Engine.ini]
[2022.01.29-07.41.46:148][  0]LogConfig: Applying CVar settings from Section [/Script/Engine.StreamingSettings] File [E:/Unreal Engine/MyProject3/Saved/Config/Windows/Engine.ini]
[2022.01.29-07.41.46:148][  0]LogConfig: Setting CVar [[s.MinBulkDataSizeForAsyncLoading:131072]]
[2022.01.29-07.41.46:148][  0]LogConfig: Setting CVar [[s.AsyncLoadingThreadEnabled:0]]
[2022.01.29-07.41.46:148][  0]LogConfig: Setting CVar [[s.EventDrivenLoaderEnabled:1]]
[2022.01.29-07.41.46:148][  0]LogConfig: Setting CVar [[s.WarnIfTimeLimitExceeded:0]]
[2022.01.29-07.41.46:148][  0]LogConfig: Setting CVar [[s.TimeLimitExceededMultiplier:1.5]]
[2022.01.29-07.41.46:148][  0]LogConfig: Setting CVar [[s.TimeLimitExceededMinTime:0.005]]
[2022.01.29-07.41.46:148][  0]LogConfig: Setting CVar [[s.UseBackgroundLevelStreaming:1]]
[2022.01.29-07.41.46:148][  0]LogConfig: Setting CVar [[s.PriorityAsyncLoadingExtraTime:15.0]]
[2022.01.29-07.41.46:148][  0]LogConfig: Setting CVar [[s.LevelStreamingActorsUpdateTimeLimit:5.0]]
[2022.01.29-07.41.46:148][  0]LogConfig: Setting CVar [[s.PriorityLevelStreamingActorsUpdateExtraTime:5.0]]
[2022.01.29-07.41.46:148][  0]LogConfig: Setting CVar [[s.LevelStreamingComponentsRegistrationGranularity:10]]
[2022.01.29-07.41.46:148][  0]LogConfig: Setting CVar [[s.UnregisterComponentsTimeLimit:1.0]]
[2022.01.29-07.41.46:148][  0]LogConfig: Setting CVar [[s.LevelStreamingComponentsUnregistrationGranularity:5]]
[2022.01.29-07.41.46:148][  0]LogConfig: Setting CVar [[s.FlushStreamingOnExit:1]]
[2022.01.29-07.41.46:148][  0]LogConfig: Applying CVar settings from Section [/Script/Engine.GarbageCollectionSettings] File [E:/Unreal Engine/MyProject3/Saved/Config/Windows/Engine.ini]
[2022.01.29-07.41.46:148][  0]LogConfig: Setting CVar [[gc.MaxObjectsNotConsideredByGC:1]]
[2022.01.29-07.41.46:148][  0]LogConfig: Setting CVar [[gc.SizeOfPermanentObjectPool:0]]
[2022.01.29-07.41.46:148][  0]LogConfig: Setting CVar [[gc.FlushStreamingOnGC:0]]
[2022.01.29-07.41.46:148][  0]LogConfig: Setting CVar [[gc.NumRetriesBeforeForcingGC:10]]
[2022.01.29-07.41.46:148][  0]LogConfig: Setting CVar [[gc.AllowParallelGC:1]]
[2022.01.29-07.41.46:148][  0]LogConfig: Setting CVar [[gc.TimeBetweenPurgingPendingKillObjects:61.1]]
[2022.01.29-07.41.46:148][  0]LogConfig: Setting CVar [[gc.MaxObjectsInEditor:25165824]]
[2022.01.29-07.41.46:148][  0]LogConfig: Setting CVar [[gc.IncrementalBeginDestroyEnabled:1]]
[2022.01.29-07.41.46:149][  0]LogConfig: Setting CVar [[gc.CreateGCClusters:1]]
[2022.01.29-07.41.46:149][  0]LogConfig: Setting CVar [[gc.MinGCClusterSize:5]]
[2022.01.29-07.41.46:149][  0]LogConfig: Setting CVar [[gc.ActorClusteringEnabled:0]]
[2022.01.29-07.41.46:149][  0]LogConfig: Setting CVar [[gc.BlueprintClusteringEnabled:0]]
[2022.01.29-07.41.46:149][  0]LogConfig: Setting CVar [[gc.UseDisregardForGCOnDedicatedServers:0]]
[2022.01.29-07.41.46:149][  0]LogConfig: Setting CVar [[gc.MultithreadedDestructionEnabled:1]]
[2022.01.29-07.41.46:149][  0]LogConfig: Applying CVar settings from Section [/Script/Engine.NetworkSettings] File [E:/Unreal Engine/MyProject3/Saved/Config/Windows/Engine.ini]
[2022.01.29-07.41.46:149][  0]LogConfig: Applying CVar settings from Section [/Script/UnrealEd.CookerSettings] File [E:/Unreal Engine/MyProject3/Saved/Config/Windows/Engine.ini]
[2022.01.29-07.41.46:159][  0]LogConfig: Applying CVar settings from Section [ViewDistanceQuality@3] File [E:/Unreal Engine/MyProject3/Saved/Config/Windows/Scalability.ini]
[2022.01.29-07.41.46:159][  0]LogConfig: Setting CVar [[r.SkeletalMeshLODBias:0]]
[2022.01.29-07.41.46:159][  0]LogConfig: Setting CVar [[r.ViewDistanceScale:1.0]]
[2022.01.29-07.41.46:159][  0]LogConfig: Applying CVar settings from Section [AntiAliasingQuality@3] File [E:/Unreal Engine/MyProject3/Saved/Config/Windows/Scalability.ini]
[2022.01.29-07.41.46:159][  0]LogConfig: Setting CVar [[r.PostProcessAAQuality:4]]
[2022.01.29-07.41.46:159][  0]LogConfig: Applying CVar settings from Section [ShadowQuality@3] File [E:/Unreal Engine/MyProject3/Saved/Config/Windows/Scalability.ini]
[2022.01.29-07.41.46:159][  0]LogConfig: Setting CVar [[r.LightFunctionQuality:1]]
[2022.01.29-07.41.46:159][  0]LogConfig: Setting CVar [[r.ShadowQuality:5]]
[2022.01.29-07.41.46:159][  0]LogConfig: Setting CVar [[r.Shadow.CSM.MaxCascades:10]]
[2022.01.29-07.41.46:159][  0]LogConfig: Setting CVar [[r.Shadow.MaxResolution:2048]]
[2022.01.29-07.41.46:159][  0]LogConfig: Setting CVar [[r.Shadow.MaxCSMResolution:2048]]
[2022.01.29-07.41.46:159][  0]LogConfig: Setting CVar [[r.Shadow.RadiusThreshold:0.01]]
[2022.01.29-07.41.46:159][  0]LogConfig: Setting CVar [[r.Shadow.DistanceScale:1.0]]
[2022.01.29-07.41.46:159][  0]LogConfig: Setting CVar [[r.Shadow.CSM.TransitionScale:1.0]]
[2022.01.29-07.41.46:159][  0]LogConfig: Setting CVar [[r.Shadow.PreShadowResolutionFactor:1.0]]
[2022.01.29-07.41.46:159][  0]LogConfig: Setting CVar [[r.DistanceFieldShadowing:1]]
[2022.01.29-07.41.46:159][  0]LogConfig: Setting CVar [[r.DistanceFieldAO:1]]
[2022.01.29-07.41.46:159][  0]LogConfig: Setting CVar [[r.AOQuality:2]]
[2022.01.29-07.41.46:159][  0]LogConfig: Setting CVar [[r.VolumetricFog:1]]
[2022.01.29-07.41.46:159][  0]LogConfig: Setting CVar [[r.VolumetricFog.GridPixelSize:8]]
[2022.01.29-07.41.46:159][  0]LogConfig: Setting CVar [[r.VolumetricFog.GridSizeZ:128]]
[2022.01.29-07.41.46:159][  0]LogConfig: Setting CVar [[r.VolumetricFog.HistoryMissSupersampleCount:4]]
[2022.01.29-07.41.46:159][  0]LogConfig: Setting CVar [[r.LightMaxDrawDistanceScale:1]]
[2022.01.29-07.41.46:159][  0]LogConfig: Setting CVar [[r.CapsuleShadows:1]]
[2022.01.29-07.41.46:159][  0]LogConfig: Applying CVar settings from Section [PostProcessQuality@3] File [E:/Unreal Engine/MyProject3/Saved/Config/Windows/Scalability.ini]
[2022.01.29-07.41.46:159][  0]LogConfig: Setting CVar [[r.MotionBlurQuality:4]]
[2022.01.29-07.41.46:159][  0]LogConfig: Setting CVar [[r.AmbientOcclusionMipLevelFactor:0.4]]
[2022.01.29-07.41.46:159][  0]LogConfig: Setting CVar [[r.AmbientOcclusionMaxQuality:100]]
[2022.01.29-07.41.46:159][  0]LogConfig: Setting CVar [[r.AmbientOcclusionLevels:-1]]
[2022.01.29-07.41.46:159][  0]LogConfig: Setting CVar [[r.AmbientOcclusionRadiusScale:1.0]]
[2022.01.29-07.41.46:159][  0]LogConfig: Setting CVar [[r.DepthOfFieldQuality:2]]
[2022.01.29-07.41.46:159][  0]LogConfig: Setting CVar [[r.RenderTargetPoolMin:400]]
[2022.01.29-07.41.46:159][  0]LogConfig: Setting CVar [[r.LensFlareQuality:2]]
[2022.01.29-07.41.46:159][  0]LogConfig: Setting CVar [[r.SceneColorFringeQuality:1]]
[2022.01.29-07.41.46:159][  0]LogConfig: Setting CVar [[r.EyeAdaptationQuality:2]]
[2022.01.29-07.41.46:159][  0]LogConfig: Setting CVar [[r.BloomQuality:5]]
[2022.01.29-07.41.46:159][  0]LogConfig: Setting CVar [[r.FastBlurThreshold:100]]
[2022.01.29-07.41.46:159][  0]LogConfig: Setting CVar [[r.Upscale.Quality:3]]
[2022.01.29-07.41.46:159][  0]LogConfig: Setting CVar [[r.Tonemapper.GrainQuantization:1]]
[2022.01.29-07.41.46:159][  0]LogConfig: Setting CVar [[r.LightShaftQuality:1]]
[2022.01.29-07.41.46:159][  0]LogConfig: Setting CVar [[r.Filter.SizeScale:1]]
[2022.01.29-07.41.46:159][  0]LogConfig: Setting CVar [[r.Tonemapper.Quality:5]]
[2022.01.29-07.41.46:159][  0]LogConfig: Setting CVar [[r.DOF.Gather.AccumulatorQuality:1        ; higher gathering accumulator quality]]
[2022.01.29-07.41.46:159][  0]LogConfig: Setting CVar [[r.DOF.Gather.PostfilterMethod:1          ; Median3x3 postfilering method]]
[2022.01.29-07.41.46:159][  0]LogConfig: Setting CVar [[r.DOF.Gather.EnableBokehSettings:0       ; no bokeh simulation when gathering]]
[2022.01.29-07.41.46:159][  0]LogConfig: Setting CVar [[r.DOF.Gather.RingCount:4                 ; medium number of samples when gathering]]
[2022.01.29-07.41.46:159][  0]LogConfig: Setting CVar [[r.DOF.Scatter.ForegroundCompositing:1    ; additive foreground scattering]]
[2022.01.29-07.41.46:159][  0]LogConfig: Setting CVar [[r.DOF.Scatter.BackgroundCompositing:2    ; additive background scattering]]
[2022.01.29-07.41.46:159][  0]LogConfig: Setting CVar [[r.DOF.Scatter.EnableBokehSettings:1      ; bokeh simulation when scattering]]
[2022.01.29-07.41.46:159][  0]LogConfig: Setting CVar [[r.DOF.Scatter.MaxSpriteRatio:0.1         ; only a maximum of 10% of scattered bokeh]]
[2022.01.29-07.41.46:159][  0]LogConfig: Setting CVar [[r.DOF.Recombine.Quality:1                ; cheap slight out of focus]]
[2022.01.29-07.41.46:159][  0]LogConfig: Setting CVar [[r.DOF.Recombine.EnableBokehSettings:0    ; no bokeh simulation on slight out of focus]]
[2022.01.29-07.41.46:159][  0]LogConfig: Setting CVar [[r.DOF.TemporalAAQuality:1                ; more stable temporal accumulation]]
[2022.01.29-07.41.46:159][  0]LogConfig: Setting CVar [[r.DOF.Kernel.MaxForegroundRadius:0.025]]
[2022.01.29-07.41.46:159][  0]LogConfig: Setting CVar [[r.DOF.Kernel.MaxBackgroundRadius:0.025]]
[2022.01.29-07.41.46:159][  0]LogConfig: Applying CVar settings from Section [TextureQuality@3] File [E:/Unreal Engine/MyProject3/Saved/Config/Windows/Scalability.ini]
[2022.01.29-07.41.46:159][  0]LogConfig: Setting CVar [[r.Streaming.MipBias:0]]
[2022.01.29-07.41.46:159][  0]LogConfig: Setting CVar [[r.Streaming.AmortizeCPUToGPUCopy:0]]
[2022.01.29-07.41.46:159][  0]LogConfig: Setting CVar [[r.Streaming.MaxNumTexturesToStreamPerFrame:0]]
[2022.01.29-07.41.46:159][  0]LogConfig: Setting CVar [[r.Streaming.Boost:1]]
[2022.01.29-07.41.46:160][  0]LogConfig: Setting CVar [[r.MaxAnisotropy:8]]
[2022.01.29-07.41.46:160][  0]LogConfig: Setting CVar [[r.VT.MaxAnisotropy:8]]
[2022.01.29-07.41.46:160][  0]LogConfig: Setting CVar [[r.Streaming.LimitPoolSizeToVRAM:0]]
[2022.01.29-07.41.46:160][  0]LogConfig: Setting CVar [[r.Streaming.PoolSize:1000]]
[2022.01.29-07.41.46:160][  0]LogConfig: Setting CVar [[r.Streaming.MaxEffectiveScreenSize:0]]
[2022.01.29-07.41.46:160][  0]LogConfig: Applying CVar settings from Section [EffectsQuality@3] File [E:/Unreal Engine/MyProject3/Saved/Config/Windows/Scalability.ini]
[2022.01.29-07.41.46:160][  0]LogConfig: Setting CVar [[r.TranslucencyLightingVolumeDim:64]]
[2022.01.29-07.41.46:160][  0]LogConfig: Setting CVar [[r.RefractionQuality:2]]
[2022.01.29-07.41.46:160][  0]LogConfig: Setting CVar [[r.SSR.Quality:3]]
[2022.01.29-07.41.46:160][  0]LogConfig: Setting CVar [[r.SSR.HalfResSceneColor:0]]
[2022.01.29-07.41.46:160][  0]LogConfig: Setting CVar [[r.SceneColorFormat:4]]
[2022.01.29-07.41.46:160][  0]LogConfig: Setting CVar [[r.DetailMode:2]]
[2022.01.29-07.41.46:160][  0]LogConfig: Setting CVar [[r.TranslucencyVolumeBlur:1]]
[2022.01.29-07.41.46:160][  0]LogConfig: Setting CVar [[r.MaterialQualityLevel:1 ; High quality]]
[2022.01.29-07.41.46:160][  0]LogConfig: Setting CVar [[r.AnisotropicMaterials:1]]
[2022.01.29-07.41.46:160][  0]LogConfig: Setting CVar [[r.SSS.Scale:1]]
[2022.01.29-07.41.46:160][  0]LogConfig: Setting CVar [[r.SSS.SampleSet:2]]
[2022.01.29-07.41.46:160][  0]LogConfig: Setting CVar [[r.SSS.Quality:1]]
[2022.01.29-07.41.46:160][  0]LogConfig: Setting CVar [[r.SSS.HalfRes:0]]
[2022.01.29-07.41.46:160][  0]LogConfig: Setting CVar [[r.SSGI.Quality:3]]
[2022.01.29-07.41.46:160][  0]LogConfig: Setting CVar [[r.EmitterSpawnRateScale:1.0]]
[2022.01.29-07.41.46:160][  0]LogConfig: Setting CVar [[r.ParticleLightQuality:2]]
[2022.01.29-07.41.46:160][  0]LogConfig: Setting CVar [[r.SkyAtmosphere.AerialPerspectiveLUT.FastApplyOnOpaque:1 ; Always have FastSkyLUT 1 in this case to avoid wrong sky]]
[2022.01.29-07.41.46:160][  0]LogConfig: Setting CVar [[r.SkyAtmosphere.AerialPerspectiveLUT.SampleCountMaxPerSlice:4]]
[2022.01.29-07.41.46:160][  0]LogConfig: Setting CVar [[r.SkyAtmosphere.AerialPerspectiveLUT.DepthResolution:16.0]]
[2022.01.29-07.41.46:160][  0]LogConfig: Setting CVar [[r.SkyAtmosphere.FastSkyLUT:1]]
[2022.01.29-07.41.46:160][  0]LogConfig: Setting CVar [[r.SkyAtmosphere.FastSkyLUT.SampleCountMin:4.0]]
[2022.01.29-07.41.46:160][  0]LogConfig: Setting CVar [[r.SkyAtmosphere.FastSkyLUT.SampleCountMax:128.0]]
[2022.01.29-07.41.46:160][  0]LogConfig: Setting CVar [[r.SkyAtmosphere.SampleCountMin:4.0]]
[2022.01.29-07.41.46:160][  0]LogConfig: Setting CVar [[r.SkyAtmosphere.SampleCountMax:128.0]]
[2022.01.29-07.41.46:160][  0]LogConfig: Setting CVar [[r.SkyAtmosphere.TransmittanceLUT.UseSmallFormat:0]]
[2022.01.29-07.41.46:160][  0]LogConfig: Setting CVar [[r.SkyAtmosphere.TransmittanceLUT.SampleCount:10.0]]
[2022.01.29-07.41.46:160][  0]LogConfig: Setting CVar [[r.SkyAtmosphere.MultiScatteringLUT.SampleCount:15.0]]
[2022.01.29-07.41.46:160][  0]LogConfig: Setting CVar [[r.SkyLight.RealTimeReflectionCapture:1]]
[2022.01.29-07.41.46:160][  0]LogConfig: Applying CVar settings from Section [FoliageQuality@3] File [E:/Unreal Engine/MyProject3/Saved/Config/Windows/Scalability.ini]
[2022.01.29-07.41.46:160][  0]LogConfig: Setting CVar [[foliage.DensityScale:1.0]]
[2022.01.29-07.41.46:160][  0]LogConfig: Setting CVar [[grass.DensityScale:1.0]]
[2022.01.29-07.41.46:160][  0]LogConfig: Applying CVar settings from Section [ShadingQuality@3] File [E:/Unreal Engine/MyProject3/Saved/Config/Windows/Scalability.ini]
[2022.01.29-07.41.46:160][  0]LogConfig: Setting CVar [[r.HairStrands.SkyLighting.IntegrationType:2]]
[2022.01.29-07.41.46:160][  0]LogConfig: Setting CVar [[r.HairStrands.SkyAO.SampleCount:4]]
[2022.01.29-07.41.46:160][  0]LogConfig: Setting CVar [[r.HairStrands.Visibility.MSAA.SamplePerPixel:4]]
[2022.01.29-07.41.46:160][  0]LogInit: Selected Device Profile: [Windows]
[2022.01.29-07.41.46:160][  0]LogInit: Applying CVar settings loaded from the selected device profile: [Windows]
[2022.01.29-07.41.46:160][  0]LogHAL: Display: Platform has ~ 8 GB [7969550336 / 8589934592 / 8], which maps to Default [LargestMinGB=32, LargerMinGB=12, DefaultMinGB=8, SmallerMinGB=6, SmallestMinGB=0)
[2022.01.29-07.41.46:160][  0]LogInit: Going up to parent DeviceProfile []
[2022.01.29-07.41.46:160][  0]LogConfig: Applying CVar settings from Section [ViewDistanceQuality@3] File [E:/Unreal Engine/MyProject3/Saved/Config/Windows/Scalability.ini]
[2022.01.29-07.41.46:160][  0]LogConfig: Setting CVar [[r.SkeletalMeshLODBias:0]]
[2022.01.29-07.41.46:160][  0]LogConfig: Setting CVar [[r.ViewDistanceScale:1.0]]
[2022.01.29-07.41.46:160][  0]LogConfig: Applying CVar settings from Section [AntiAliasingQuality@3] File [E:/Unreal Engine/MyProject3/Saved/Config/Windows/Scalability.ini]
[2022.01.29-07.41.46:160][  0]LogConfig: Setting CVar [[r.PostProcessAAQuality:4]]
[2022.01.29-07.41.46:160][  0]LogConfig: Applying CVar settings from Section [ShadowQuality@3] File [E:/Unreal Engine/MyProject3/Saved/Config/Windows/Scalability.ini]
[2022.01.29-07.41.46:160][  0]LogConfig: Setting CVar [[r.LightFunctionQuality:1]]
[2022.01.29-07.41.46:160][  0]LogConfig: Setting CVar [[r.ShadowQuality:5]]
[2022.01.29-07.41.46:160][  0]LogConfig: Setting CVar [[r.Shadow.CSM.MaxCascades:10]]
[2022.01.29-07.41.46:160][  0]LogConfig: Setting CVar [[r.Shadow.MaxResolution:2048]]
[2022.01.29-07.41.46:160][  0]LogConfig: Setting CVar [[r.Shadow.MaxCSMResolution:2048]]
[2022.01.29-07.41.46:160][  0]LogConfig: Setting CVar [[r.Shadow.RadiusThreshold:0.01]]
[2022.01.29-07.41.46:160][  0]LogConfig: Setting CVar [[r.Shadow.DistanceScale:1.0]]
[2022.01.29-07.41.46:160][  0]LogConfig: Setting CVar [[r.Shadow.CSM.TransitionScale:1.0]]
[2022.01.29-07.41.46:160][  0]LogConfig: Setting CVar [[r.Shadow.PreShadowResolutionFactor:1.0]]
[2022.01.29-07.41.46:160][  0]LogConfig: Setting CVar [[r.DistanceFieldShadowing:1]]
[2022.01.29-07.41.46:160][  0]LogConfig: Setting CVar [[r.DistanceFieldAO:1]]
[2022.01.29-07.41.46:160][  0]LogConfig: Setting CVar [[r.AOQuality:2]]
[2022.01.29-07.41.46:160][  0]LogConfig: Setting CVar [[r.VolumetricFog:1]]
[2022.01.29-07.41.46:160][  0]LogConfig: Setting CVar [[r.VolumetricFog.GridPixelSize:8]]
[2022.01.29-07.41.46:160][  0]LogConfig: Setting CVar [[r.VolumetricFog.GridSizeZ:128]]
[2022.01.29-07.41.46:160][  0]LogConfig: Setting CVar [[r.VolumetricFog.HistoryMissSupersampleCount:4]]
[2022.01.29-07.41.46:160][  0]LogConfig: Setting CVar [[r.LightMaxDrawDistanceScale:1]]
[2022.01.29-07.41.46:160][  0]LogConfig: Setting CVar [[r.CapsuleShadows:1]]
[2022.01.29-07.41.46:160][  0]LogConfig: Applying CVar settings from Section [PostProcessQuality@3] File [E:/Unreal Engine/MyProject3/Saved/Config/Windows/Scalability.ini]
[2022.01.29-07.41.46:160][  0]LogConfig: Setting CVar [[r.MotionBlurQuality:4]]
[2022.01.29-07.41.46:160][  0]LogConfig: Setting CVar [[r.AmbientOcclusionMipLevelFactor:0.4]]
[2022.01.29-07.41.46:160][  0]LogConfig: Setting CVar [[r.AmbientOcclusionMaxQuality:100]]
[2022.01.29-07.41.46:160][  0]LogConfig: Setting CVar [[r.AmbientOcclusionLevels:-1]]
[2022.01.29-07.41.46:160][  0]LogConfig: Setting CVar [[r.AmbientOcclusionRadiusScale:1.0]]
[2022.01.29-07.41.46:160][  0]LogConfig: Setting CVar [[r.DepthOfFieldQuality:2]]
[2022.01.29-07.41.46:160][  0]LogConfig: Setting CVar [[r.RenderTargetPoolMin:400]]
[2022.01.29-07.41.46:160][  0]LogConfig: Setting CVar [[r.LensFlareQuality:2]]
[2022.01.29-07.41.46:160][  0]LogConfig: Setting CVar [[r.SceneColorFringeQuality:1]]
[2022.01.29-07.41.46:160][  0]LogConfig: Setting CVar [[r.EyeAdaptationQuality:2]]
[2022.01.29-07.41.46:160][  0]LogConfig: Setting CVar [[r.BloomQuality:5]]
[2022.01.29-07.41.46:160][  0]LogConfig: Setting CVar [[r.FastBlurThreshold:100]]
[2022.01.29-07.41.46:160][  0]LogConfig: Setting CVar [[r.Upscale.Quality:3]]
[2022.01.29-07.41.46:160][  0]LogConfig: Setting CVar [[r.Tonemapper.GrainQuantization:1]]
[2022.01.29-07.41.46:160][  0]LogConfig: Setting CVar [[r.LightShaftQuality:1]]
[2022.01.29-07.41.46:160][  0]LogConfig: Setting CVar [[r.Filter.SizeScale:1]]
[2022.01.29-07.41.46:160][  0]LogConfig: Setting CVar [[r.Tonemapper.Quality:5]]
[2022.01.29-07.41.46:160][  0]LogConfig: Setting CVar [[r.DOF.Gather.AccumulatorQuality:1        ; higher gathering accumulator quality]]
[2022.01.29-07.41.46:160][  0]LogConfig: Setting CVar [[r.DOF.Gather.PostfilterMethod:1          ; Median3x3 postfilering method]]
[2022.01.29-07.41.46:160][  0]LogConfig: Setting CVar [[r.DOF.Gather.EnableBokehSettings:0       ; no bokeh simulation when gathering]]
[2022.01.29-07.41.46:160][  0]LogConfig: Setting CVar [[r.DOF.Gather.RingCount:4                 ; medium number of samples when gathering]]
[2022.01.29-07.41.46:160][  0]LogConfig: Setting CVar [[r.DOF.Scatter.ForegroundCompositing:1    ; additive foreground scattering]]
[2022.01.29-07.41.46:160][  0]LogConfig: Setting CVar [[r.DOF.Scatter.BackgroundCompositing:2    ; additive background scattering]]
[2022.01.29-07.41.46:160][  0]LogConfig: Setting CVar [[r.DOF.Scatter.EnableBokehSettings:1      ; bokeh simulation when scattering]]
[2022.01.29-07.41.46:160][  0]LogConfig: Setting CVar [[r.DOF.Scatter.MaxSpriteRatio:0.1         ; only a maximum of 10% of scattered bokeh]]
[2022.01.29-07.41.46:160][  0]LogConfig: Setting CVar [[r.DOF.Recombine.Quality:1                ; cheap slight out of focus]]
[2022.01.29-07.41.46:161][  0]LogConfig: Setting CVar [[r.DOF.Recombine.EnableBokehSettings:0    ; no bokeh simulation on slight out of focus]]
[2022.01.29-07.41.46:161][  0]LogConfig: Setting CVar [[r.DOF.TemporalAAQuality:1                ; more stable temporal accumulation]]
[2022.01.29-07.41.46:161][  0]LogConfig: Setting CVar [[r.DOF.Kernel.MaxForegroundRadius:0.025]]
[2022.01.29-07.41.46:161][  0]LogConfig: Setting CVar [[r.DOF.Kernel.MaxBackgroundRadius:0.025]]
[2022.01.29-07.41.46:161][  0]LogConfig: Applying CVar settings from Section [TextureQuality@3] File [E:/Unreal Engine/MyProject3/Saved/Config/Windows/Scalability.ini]
[2022.01.29-07.41.46:161][  0]LogConfig: Setting CVar [[r.Streaming.MipBias:0]]
[2022.01.29-07.41.46:161][  0]LogConfig: Setting CVar [[r.Streaming.AmortizeCPUToGPUCopy:0]]
[2022.01.29-07.41.46:161][  0]LogConfig: Setting CVar [[r.Streaming.MaxNumTexturesToStreamPerFrame:0]]
[2022.01.29-07.41.46:161][  0]LogConfig: Setting CVar [[r.Streaming.Boost:1]]
[2022.01.29-07.41.46:161][  0]LogConfig: Setting CVar [[r.MaxAnisotropy:8]]
[2022.01.29-07.41.46:161][  0]LogConfig: Setting CVar [[r.VT.MaxAnisotropy:8]]
[2022.01.29-07.41.46:161][  0]LogConfig: Setting CVar [[r.Streaming.LimitPoolSizeToVRAM:0]]
[2022.01.29-07.41.46:161][  0]LogConfig: Setting CVar [[r.Streaming.PoolSize:1000]]
[2022.01.29-07.41.46:161][  0]LogConfig: Setting CVar [[r.Streaming.MaxEffectiveScreenSize:0]]
[2022.01.29-07.41.46:161][  0]LogConfig: Applying CVar settings from Section [EffectsQuality@3] File [E:/Unreal Engine/MyProject3/Saved/Config/Windows/Scalability.ini]
[2022.01.29-07.41.46:161][  0]LogConfig: Setting CVar [[r.TranslucencyLightingVolumeDim:64]]
[2022.01.29-07.41.46:161][  0]LogConfig: Setting CVar [[r.RefractionQuality:2]]
[2022.01.29-07.41.46:161][  0]LogConfig: Setting CVar [[r.SSR.Quality:3]]
[2022.01.29-07.41.46:161][  0]LogConfig: Setting CVar [[r.SSR.HalfResSceneColor:0]]
[2022.01.29-07.41.46:161][  0]LogConfig: Setting CVar [[r.SceneColorFormat:4]]
[2022.01.29-07.41.46:161][  0]LogConfig: Setting CVar [[r.DetailMode:2]]
[2022.01.29-07.41.46:161][  0]LogConfig: Setting CVar [[r.TranslucencyVolumeBlur:1]]
[2022.01.29-07.41.46:161][  0]LogConfig: Setting CVar [[r.MaterialQualityLevel:1 ; High quality]]
[2022.01.29-07.41.46:161][  0]LogConfig: Setting CVar [[r.AnisotropicMaterials:1]]
[2022.01.29-07.41.46:161][  0]LogConfig: Setting CVar [[r.SSS.Scale:1]]
[2022.01.29-07.41.46:161][  0]LogConfig: Setting CVar [[r.SSS.SampleSet:2]]
[2022.01.29-07.41.46:161][  0]LogConfig: Setting CVar [[r.SSS.Quality:1]]
[2022.01.29-07.41.46:161][  0]LogConfig: Setting CVar [[r.SSS.HalfRes:0]]
[2022.01.29-07.41.46:161][  0]LogConfig: Setting CVar [[r.SSGI.Quality:3]]
[2022.01.29-07.41.46:161][  0]LogConfig: Setting CVar [[r.EmitterSpawnRateScale:1.0]]
[2022.01.29-07.41.46:161][  0]LogConfig: Setting CVar [[r.ParticleLightQuality:2]]
[2022.01.29-07.41.46:161][  0]LogConfig: Setting CVar [[r.SkyAtmosphere.AerialPerspectiveLUT.FastApplyOnOpaque:1 ; Always have FastSkyLUT 1 in this case to avoid wrong sky]]
[2022.01.29-07.41.46:161][  0]LogConfig: Setting CVar [[r.SkyAtmosphere.AerialPerspectiveLUT.SampleCountMaxPerSlice:4]]
[2022.01.29-07.41.46:161][  0]LogConfig: Setting CVar [[r.SkyAtmosphere.AerialPerspectiveLUT.DepthResolution:16.0]]
[2022.01.29-07.41.46:161][  0]LogConfig: Setting CVar [[r.SkyAtmosphere.FastSkyLUT:1]]
[2022.01.29-07.41.46:161][  0]LogConfig: Setting CVar [[r.SkyAtmosphere.FastSkyLUT.SampleCountMin:4.0]]
[2022.01.29-07.41.46:161][  0]LogConfig: Setting CVar [[r.SkyAtmosphere.FastSkyLUT.SampleCountMax:128.0]]
[2022.01.29-07.41.46:161][  0]LogConfig: Setting CVar [[r.SkyAtmosphere.SampleCountMin:4.0]]
[2022.01.29-07.41.46:161][  0]LogConfig: Setting CVar [[r.SkyAtmosphere.SampleCountMax:128.0]]
[2022.01.29-07.41.46:161][  0]LogConfig: Setting CVar [[r.SkyAtmosphere.TransmittanceLUT.UseSmallFormat:0]]
[2022.01.29-07.41.46:161][  0]LogConfig: Setting CVar [[r.SkyAtmosphere.TransmittanceLUT.SampleCount:10.0]]
[2022.01.29-07.41.46:161][  0]LogConfig: Setting CVar [[r.SkyAtmosphere.MultiScatteringLUT.SampleCount:15.0]]
[2022.01.29-07.41.46:161][  0]LogConfig: Setting CVar [[r.SkyLight.RealTimeReflectionCapture:1]]
[2022.01.29-07.41.46:161][  0]LogConfig: Applying CVar settings from Section [FoliageQuality@3] File [E:/Unreal Engine/MyProject3/Saved/Config/Windows/Scalability.ini]
[2022.01.29-07.41.46:161][  0]LogConfig: Setting CVar [[foliage.DensityScale:1.0]]
[2022.01.29-07.41.46:161][  0]LogConfig: Setting CVar [[grass.DensityScale:1.0]]
[2022.01.29-07.41.46:161][  0]LogConfig: Applying CVar settings from Section [ShadingQuality@3] File [E:/Unreal Engine/MyProject3/Saved/Config/Windows/Scalability.ini]
[2022.01.29-07.41.46:161][  0]LogConfig: Setting CVar [[r.HairStrands.SkyLighting.IntegrationType:2]]
[2022.01.29-07.41.46:161][  0]LogConfig: Setting CVar [[r.HairStrands.SkyAO.SampleCount:4]]
[2022.01.29-07.41.46:161][  0]LogConfig: Setting CVar [[r.HairStrands.Visibility.MSAA.SamplePerPixel:4]]
[2022.01.29-07.41.46:161][  0]LogConfig: Applying CVar settings from Section [Startup] File [../../../Engine/Config/ConsoleVariables.ini]
[2022.01.29-07.41.46:161][  0]LogConfig: Setting CVar [[net.UseAdaptiveNetUpdateFrequency:0]]
[2022.01.29-07.41.46:161][  0]LogConfig: Setting CVar [[p.chaos.AllowCreatePhysxBodies:1]]
[2022.01.29-07.41.46:161][  0]LogConfig: Setting CVar [[fx.SkipVectorVMBackendOptimizations:1]]
[2022.01.29-07.41.46:161][  0]LogConfig: Applying CVar settings from Section [ConsoleVariables] File [E:/Unreal Engine/MyProject3/Saved/Config/Windows/Engine.ini]
[2022.01.29-07.41.46:161][  0]LogConfig: Applying CVar settings from Section [ConsoleVariables] File [E:/Unreal Engine/MyProject3/Saved/Config/Windows/Editor.ini]
[2022.01.29-07.41.46:162][  0]LogInit: Computer: LAPTOP-7P5N213D
[2022.01.29-07.41.46:162][  0]LogInit: User: Akansha
[2022.01.29-07.41.46:162][  0]LogInit: CPU Page size=4096, Cores=8
[2022.01.29-07.41.46:162][  0]LogInit: High frequency timer resolution =10.000000 MHz
[2022.01.29-07.41.46:162][  0]LogMemory: Memory total: Physical=7.4GB (8GB approx)
[2022.01.29-07.41.46:162][  0]LogMemory: Platform Memory Stats for Windows
[2022.01.29-07.41.46:162][  0]LogMemory: Process Physical Memory: 146.63 MB used, 146.64 MB peak
[2022.01.29-07.41.46:162][  0]LogMemory: Process Virtual Memory: 123.26 MB used, 123.26 MB peak
[2022.01.29-07.41.46:162][  0]LogMemory: Physical Memory: 5669.24 MB used,  1931.12 MB free, 7600.36 MB total
[2022.01.29-07.41.46:162][  0]LogMemory: Virtual Memory: 134215648.00 MB used,  2078.54 MB free, 134217728.00 MB total
[2022.01.29-07.41.46:167][  0]LogWindows: WindowsPlatformFeatures enabled
[2022.01.29-07.41.46:210][  0]LogInit: Physics initialised using underlying interface: PhysX
[2022.01.29-07.41.46:211][  0]LogInit: Using OS detected language (en-US).
[2022.01.29-07.41.46:211][  0]LogInit: Using OS detected locale (en-IN).
[2022.01.29-07.41.46:215][  0]LogTextLocalizationManager: No specific localization for 'en-US' exists, so the 'en' localization will be used.
[2022.01.29-07.41.46:465][  0]LogInit: Setting process to per monitor DPI aware
[2022.01.29-07.41.46:479][  0]LogWindowsTextInputMethodSystem: Display: IME system deactivated.
[2022.01.29-07.41.46:499][  0]LogSlate: New Slate User Created.  User Index 0, Is Virtual User: 0
[2022.01.29-07.41.46:499][  0]LogSlate: Slate User Registered.  User Index 0, Is Virtual User: 0
[2022.01.29-07.41.46:688][  0]LogD3D11RHI: Loaded GFSDK_Aftermath_Lib.x64.dll
[2022.01.29-07.41.46:703][  0]LogHMD: Failed to initialize OpenVR with code 110
[2022.01.29-07.41.46:703][  0]LogD3D11RHI: D3D11 min allowed feature level: 11_0
[2022.01.29-07.41.46:703][  0]LogD3D11RHI: D3D11 max allowed feature level: 11_0
[2022.01.29-07.41.46:703][  0]LogD3D11RHI: D3D11 adapters:
[2022.01.29-07.41.46:806][  0]LogD3D11RHI:    0. 'NVIDIA GeForce RTX 3050 Laptop GPU' (Feature Level 11_0)
[2022.01.29-07.41.46:806][  0]LogD3D11RHI:       3991/0/3800 MB DedicatedVideo/DedicatedSystem/SharedSystem, Outputs:1, VendorId:0x10de
[2022.01.29-07.41.46:836][  0]LogD3D11RHI:    1. 'AMD Radeon(TM) Graphics' (Feature Level 11_0)
[2022.01.29-07.41.46:836][  0]LogD3D11RHI:       496/0/3800 MB DedicatedVideo/DedicatedSystem/SharedSystem, Outputs:0, VendorId:0x1002
[2022.01.29-07.41.46:839][  0]LogD3D11RHI:    2. 'Microsoft Basic Render Driver' (Feature Level 11_0)
[2022.01.29-07.41.46:839][  0]LogD3D11RHI:       0/0/3800 MB DedicatedVideo/DedicatedSystem/SharedSystem, Outputs:0, VendorId:0x1414
[2022.01.29-07.41.46:839][  0]LogD3D11RHI: Chosen D3D11 Adapter:
[2022.01.29-07.41.46:839][  0]LogD3D11RHI:     Description : NVIDIA GeForce RTX 3050 Laptop GPU
[2022.01.29-07.41.46:839][  0]LogD3D11RHI:     VendorId    : 10de
[2022.01.29-07.41.46:839][  0]LogD3D11RHI:     DeviceId    : 25a2
[2022.01.29-07.41.46:839][  0]LogD3D11RHI:     SubSysId    : 1fff1043
[2022.01.29-07.41.46:839][  0]LogD3D11RHI:     Revision    : 00a1
[2022.01.29-07.41.46:839][  0]LogD3D11RHI:     DedicatedVideoMemory : 4184866816 bytes
[2022.01.29-07.41.46:839][  0]LogD3D11RHI:     DedicatedSystemMemory : 0 bytes
[2022.01.29-07.41.46:839][  0]LogD3D11RHI:     SharedSystemMemory : 3984775168 bytes
[2022.01.29-07.41.46:839][  0]LogD3D11RHI:     AdapterLuid : 0 65666
[2022.01.29-07.41.46:848][  0]LogD3D11RHI: Creating new Direct3DDevice
[2022.01.29-07.41.46:848][  0]LogD3D11RHI:     GPU DeviceId: 0x25a2 (for the marketing name, search the web for "GPU Device Id")
[2022.01.29-07.41.46:848][  0]LogWindows: EnumDisplayDevices:
[2022.01.29-07.41.46:848][  0]LogWindows:    0. 'AMD Radeon(TM) Graphics' (P:1 D:1)
[2022.01.29-07.41.46:848][  0]LogWindows:    1. 'AMD Radeon(TM) Graphics' (P:0 D:0)
[2022.01.29-07.41.46:849][  0]LogWindows:    2. 'AMD Radeon(TM) Graphics' (P:0 D:0)
[2022.01.29-07.41.46:849][  0]LogWindows:    3. 'AMD Radeon(TM) Graphics' (P:0 D:0)
[2022.01.29-07.41.46:849][  0]LogWindows:    4. 'NVIDIA GeForce RTX 3050 Laptop GPU' (P:0 D:0)
[2022.01.29-07.41.46:849][  0]LogWindows:    5. 'NVIDIA GeForce RTX 3050 Laptop GPU' (P:0 D:0)
[2022.01.29-07.41.46:849][  0]LogWindows:    6. 'NVIDIA GeForce RTX 3050 Laptop GPU' (P:0 D:0)
[2022.01.29-07.41.46:849][  0]LogWindows:    7. 'NVIDIA GeForce RTX 3050 Laptop GPU' (P:0 D:0)
[2022.01.29-07.41.46:850][  0]LogWindows: DebugString: PrimaryIsNotTheChoosenAdapter PrimaryIsNotTheChoosenAdapter PrimaryIsNotTheChoosenAdapter PrimaryIsNotTheChoosenAdapter FoundDriverCount:4 
[2022.01.29-07.41.46:850][  0]LogD3D11RHI:     Adapter Name: NVIDIA GeForce RTX 3050 Laptop GPU
[2022.01.29-07.41.46:850][  0]LogD3D11RHI:   Driver Version: 496.49 (internal:30.0.14.9649, unified:496.49)
[2022.01.29-07.41.46:850][  0]LogD3D11RHI:      Driver Date: 10-20-2021
[2022.01.29-07.41.46:850][  0]LogRHI: Texture pool is 2793 MB (70% of 3991 MB)
[2022.01.29-07.41.46:850][  0]LogD3D11RHI: Creating D3DDevice using adapter:
[2022.01.29-07.41.46:850][  0]LogD3D11RHI:     Description : NVIDIA GeForce RTX 3050 Laptop GPU
[2022.01.29-07.41.46:850][  0]LogD3D11RHI:     VendorId    : 10de
[2022.01.29-07.41.46:850][  0]LogD3D11RHI:     DeviceId    : 25a2
[2022.01.29-07.41.46:850][  0]LogD3D11RHI:     SubSysId    : 1fff1043
[2022.01.29-07.41.46:850][  0]LogD3D11RHI:     Revision    : 00a1
[2022.01.29-07.41.46:850][  0]LogD3D11RHI:     DedicatedVideoMemory : 4184866816 bytes
[2022.01.29-07.41.46:850][  0]LogD3D11RHI:     DedicatedSystemMemory : 0 bytes
[2022.01.29-07.41.46:850][  0]LogD3D11RHI:     SharedSystemMemory : 3984775168 bytes
[2022.01.29-07.41.46:850][  0]LogD3D11RHI:     AdapterLuid : 0 65666
[2022.01.29-07.41.46:913][  0]LogD3D11RHI: RHI has support for 64 bit atomics
[2022.01.29-07.41.46:913][  0]LogD3D11RHI: Async texture creation enabled
[2022.01.29-07.41.46:913][  0]LogD3D11RHI: Array index from any shader is supported
[2022.01.29-07.41.46:930][  0]LogD3D11RHI: GPU Timing Frequency: 1000.000000 (Debug: 2 1)
[2022.01.29-07.41.46:963][  0]LogRHI: GeForceNow SDK initialized: 1
[2022.01.29-07.41.47:276][  0]LogTargetPlatformManager: Display: Loaded TargetPlatform 'AllDesktop'
[2022.01.29-07.41.47:304][  0]LogTargetPlatformManager: Display: Loaded TargetPlatform 'Android'
[2022.01.29-07.41.47:304][  0]LogTargetPlatformManager: Display: Loaded TargetPlatform 'Android_ASTC'
[2022.01.29-07.41.47:304][  0]LogTargetPlatformManager: Display: Loaded TargetPlatform 'Android_DXT'
[2022.01.29-07.41.47:304][  0]LogTargetPlatformManager: Display: Loaded TargetPlatform 'Android_ETC2'
[2022.01.29-07.41.47:304][  0]LogTargetPlatformManager: Display: Loaded TargetPlatform 'AndroidClient'
[2022.01.29-07.41.47:304][  0]LogTargetPlatformManager: Display: Loaded TargetPlatform 'Android_ASTCClient'
[2022.01.29-07.41.47:304][  0]LogTargetPlatformManager: Display: Loaded TargetPlatform 'Android_DXTClient'
[2022.01.29-07.41.47:304][  0]LogTargetPlatformManager: Display: Loaded TargetPlatform 'Android_ETC2Client'
[2022.01.29-07.41.47:304][  0]LogTargetPlatformManager: Display: Loaded TargetPlatform 'Android_Multi'
[2022.01.29-07.41.47:304][  0]LogTargetPlatformManager: Display: Loaded TargetPlatform 'Android_MultiClient'
[2022.01.29-07.41.47:326][  0]LogTargetPlatformManager: Display: Loaded TargetPlatform 'IOSClient'
[2022.01.29-07.41.47:326][  0]LogTargetPlatformManager: Display: Loaded TargetPlatform 'IOS'
[2022.01.29-07.41.47:337][  0]LogTargetPlatformManager: Display: Loaded TargetPlatform 'Linux'
[2022.01.29-07.41.47:342][  0]LogTargetPlatformManager: Display: Loaded TargetPlatform 'LinuxNoEditor'
[2022.01.29-07.41.47:348][  0]LogTargetPlatformManager: Display: Loaded TargetPlatform 'LinuxClient'
[2022.01.29-07.41.47:353][  0]LogTargetPlatformManager: Display: Loaded TargetPlatform 'LinuxServer'
[2022.01.29-07.41.47:363][  0]LogTargetPlatformManager: Display: Loaded TargetPlatform 'LinuxAArch64NoEditor'
[2022.01.29-07.41.47:368][  0]LogTargetPlatformManager: Display: Loaded TargetPlatform 'LinuxAArch64Client'
[2022.01.29-07.41.47:373][  0]LogTargetPlatformManager: Display: Loaded TargetPlatform 'LinuxAArch64Server'
[2022.01.29-07.41.47:400][  0]LogTargetPlatformManager: Display: Loaded TargetPlatform 'Lumin'
[2022.01.29-07.41.47:400][  0]LogTargetPlatformManager: Display: Loaded TargetPlatform 'LuminClient'
[2022.01.29-07.41.47:410][  0]LogTargetPlatformManager: Display: Loaded TargetPlatform 'MacNoEditor'
[2022.01.29-07.41.47:415][  0]LogTargetPlatformManager: Display: Loaded TargetPlatform 'Mac'
[2022.01.29-07.41.47:425][  0]LogTargetPlatformManager: Display: Loaded TargetPlatform 'MacClient'
[2022.01.29-07.41.47:431][  0]LogTargetPlatformManager: Display: Loaded TargetPlatform 'MacServer'
[2022.01.29-07.41.47:444][  0]LogTargetPlatformManager: Display: Loaded TargetPlatform 'TVOSClient'
[2022.01.29-07.41.47:444][  0]LogTargetPlatformManager: Display: Loaded TargetPlatform 'TVOS'
[2022.01.29-07.41.47:454][  0]LogTargetPlatformManager: Display: Loaded TargetPlatform 'WindowsNoEditor'
[2022.01.29-07.41.47:460][  0]LogTargetPlatformManager: Display: Loaded TargetPlatform 'Windows'
[2022.01.29-07.41.47:466][  0]LogTargetPlatformManager: Display: Loaded TargetPlatform 'WindowsClient'
[2022.01.29-07.41.47:478][  0]LogTargetPlatformManager: Display: Loaded TargetPlatform 'WindowsServer'
[2022.01.29-07.41.47:479][  0]LogTargetPlatformManager: Display: Building Assets For Windows
[2022.01.29-07.41.47:491][  0]LogAudioDebug: Display: Lib vorbis DLL was dynamically loaded.
[2022.01.29-07.41.47:537][  0]LogTextureFormatOodle: Display: Oodle Texture 2.9.0 init RDO Off
[2022.01.29-07.41.47:590][  0]LogRendererCore: Ray tracing is disabled. Reason: r.RayTracing=0.
[2022.01.29-07.41.47:590][  0]LogShaderCompilers: Guid format shader working directory is 20 characters bigger than the processId version (E:/Unreal Engine/MyProject3/Intermediate/Shaders/WorkingDirectory/12208/).
[2022.01.29-07.41.47:590][  0]LogShaderCompilers: Cleaned the shader compiler working directory 'C:/Users/Akansha/AppData/Local/Temp/UnrealShaderWorkingDir/D6F4BBD8449EFFC402DE6098F59A776D/'.
[2022.01.29-07.41.47:590][  0]LogXGEController: Cannot use XGE Controller as Incredibuild is not installed on this machine.
[2022.01.29-07.41.47:590][  0]LogShaderCompilers: Cannot use XGE Shader Compiler as Incredibuild is not installed on this machine.
[2022.01.29-07.41.47:591][  0]LogShaderCompilers: Display: Using Local Shader Compiler.
[2022.01.29-07.41.48:277][  0]LogDerivedDataCache: Display: Max Cache Size: 512 MB
[2022.01.29-07.41.48:355][  0]LogDerivedDataCache: Loaded boot cache 0.08s 94MB C:/Users/Akansha/AppData/Local/UnrealEngine/4.27/DerivedDataCache/Boot.ddc.
[2022.01.29-07.41.48:355][  0]LogDerivedDataCache: Display: Loaded Boot cache: C:/Users/Akansha/AppData/Local/UnrealEngine/4.27/DerivedDataCache/Boot.ddc
[2022.01.29-07.41.48:355][  0]LogDerivedDataCache: FDerivedDataBackendGraph:  Pak pak cache file E:/Unreal Engine/MyProject3/DerivedDataCache/DDC.ddp not found, will not use a pak cache.
[2022.01.29-07.41.48:355][  0]LogDerivedDataCache: Unable to find inner node Pak for hierarchical cache Hierarchy.
[2022.01.29-07.41.48:355][  0]LogDerivedDataCache: FDerivedDataBackendGraph:  CompressedPak pak cache file E:/Unreal Engine/MyProject3/DerivedDataCache/Compressed.ddp not found, will not use a pak cache.
[2022.01.29-07.41.48:355][  0]LogDerivedDataCache: Unable to find inner node CompressedPak for hierarchical cache Hierarchy.
[2022.01.29-07.41.48:373][  0]LogDerivedDataCache: Display: Pak cache opened for reading ../../../Engine/DerivedDataCache/Compressed.ddp.
[2022.01.29-07.41.48:373][  0]LogDerivedDataCache: FDerivedDataBackendGraph:  EnterprisePak pak cache file ../../../Enterprise/DerivedDataCache/Compressed.ddp not found, will not use a pak cache.
[2022.01.29-07.41.48:373][  0]LogDerivedDataCache: Unable to find inner node EnterprisePak for hierarchical cache Hierarchy.
[2022.01.29-07.41.48:385][  0]LogDerivedDataCache: Speed tests for C:/Users/Akansha/AppData/Local/UnrealEngine/Common/DerivedDataCache took 0.01 seconds
[2022.01.29-07.41.48:385][  0]LogDerivedDataCache: Display: Performance to C:/Users/Akansha/AppData/Local/UnrealEngine/Common/DerivedDataCache: Latency=0.04ms. RandomReadSpeed=674.18MBs, RandomWriteSpeed=92.60MBs. Assigned SpeedClass 'Local'
[2022.01.29-07.41.48:386][  0]LogDerivedDataCache: Using Local data cache path C:/Users/Akansha/AppData/Local/UnrealEngine/Common/DerivedDataCache: Writable
[2022.01.29-07.41.48:386][  0]LogDerivedDataCache: Shared data cache path not found in *engine.ini, will not use an Shared cache.
[2022.01.29-07.41.48:386][  0]LogDerivedDataCache: Unable to find inner node Shared for hierarchical cache Hierarchy.
[2022.01.29-07.41.48:426][  0]LogSlate: Using FreeType 2.10.0
[2022.01.29-07.41.48:427][  0]LogSlate: SlateFontServices - WITH_FREETYPE: 1, WITH_HARFBUZZ: 1
[2022.01.29-07.41.48:453][  0]LogAssetRegistry: FAssetRegistry took 0.0032 seconds to start up
[2022.01.29-07.41.48:701][  0]LogInit: Selected Device Profile: [Windows]
[2022.01.29-07.41.48:701][  0]LogInit: Active device profile: [00000264AF813000][00000264AF026500 49] Windows
[2022.01.29-07.41.48:701][  0]LogInit: Profiles: [00000264AF813000][00000264AF026500 49] Windows, [00000264AF80D300][00000264AF02A640 49] WindowsNoEditor, [00000264AF811200][00000264AEFB6780 49] WindowsServer, [00000264AF80EE00][00000264AEFBE900 49] WindowsClient, [00000264AF812D00][00000264B0384A80 49] IOS, [00000264AF80D700][00000264B0388C00 49] iPadAir, [00000264AF811600][00000264B0394D80 49] iPadAir2, [00000264AF797F00][00000264B0849040 49] IPadPro, [00000264AF797E00][00000264B0845080 49] iPadAir3, [00000264AF812900][00000264B084D200 49] iPadAir4, [00000264AF795600][00000264B039D380 49] iPadMini2, [00000264AF811800][00000264B03A1500 49] iPadMini3, [00000264AF796800][00000264B0DBD680 49] iPadMini4, [00000264AF810D00][00000264AEFFF800 49] iPadMini5, [00000264AF803800][00000264AF007AC0 49] iPhone6, [00000264AF803900][00000264AF003B00 49] iPodTouch6, [00000264AF794400][00000264AF00E240 49] iPhone7, [00000264AF794300][00000264AF00A280 49] iPodTouch7, [00000264AF801500][00000264AF012400 49] iPhone5S, [00000264AF797C00][00000264AEFBA540 49] iPhone6Plus, [00000264AF802900][00000264B0398680 49] iPhone6S, [00000264AF795B00][00000264AEFFA7C0 49] iPhone6SPlus, [00000264AF801A00][00000264AF016900 49] iPhone7Plus, [00000264AF797A00][00000264B0418A80 49] iPhoneSE, [00000264AF802B00][00000264B041CC00 49] iPhone8, [00000264AF795700][00000264B0420D80 49] iPhone8Plus, [00000264AF803500][00000264B0424F00 49] iPhoneX, [00000264AF794800][00000264B0429080 49] iPhoneXS, [00000264AF800D00][00000264B01CB200 49] iPhoneXSMax, [00000264AF795300][00000264AEEAB380 49] iPhoneXR, [00000264AF801E00][00000264AEEAF500 49] iPhone11, [00000264AF797800][00000264B042D680 49] iPhone11Pro, [00000264AF802200][00000264B0431800 49] iPhone11ProMax, [00000264AF797200][00000264B0435980 49] iPhoneSE2, [00000264AF802100][00000264A9965B00 49] iPhone12Mini, [00000264AF797B00][00000264A9968100 49] iPhone12, [00000264AF802000][00000264A996C280 49] iPhone12Pro, [00000264AF794200][00000264A9970400 49] iPhone12ProMax, [00000264AF801D00][00000264A9974580 49] iPadPro105, [00000264AF795500][00000264A9978700 49] iPadPro129, [00000264AF801200][00000264B0414840 49] iPadPro97, [00000264AF795400][00000264A997C980 49] iPadPro2_129, [00000264AF803000][00000264A9980AC0 49] iPad5, [00000264AF794F00][00000264A9988C40 49] iPad6, [00000264AF800900][00000264B0D80DC0 49] iPad7, [00000264AF795E00][00000264B0D84F40 49] iPad8, [00000264AF803300][00000264B0D890C0 49] iPadPro11, [00000264AF794A00][00000264B0D8D240 49] iPadPro2_11, [00000264AF803E00][00000264B0D913C0 49] iPadPro3_129, [00000264AF795D00][00000264B0D95540 49] iPadPro4_129, [00000264AF801100][00000264B0D996C0 49] AppleTV, [00000264AF796900][00000264B0D9D840 49] AppleTV4K, [00000264AF801300][00000264B0DA19C0 49] TVOS, [00000264AF796E00][00000264B0DA5B40 49] Mac, [00000264AF802D00][00000264B0DA8140 49] MacClient, [00000264AF794E00][00000264B0DAC2C0 49] MacNoEditor, [00000264AF801F00][00000264B0DB0440 49] MacServer, [00000264AF796D00][00000264B0DB45C0 49] Linux, [00000264AF80EA00][00000264B0DB8740 49] LinuxAArch64, [00000264AF8C0300][00000264AEF148C0 49] LinuxNoEditor, [00000264AF80CA00][00000264A9984A00 49] LinuxAArch64NoEditor, [00000264AF8C1B00][00000264AEF18B40 49] LinuxClient, [00000264AF80F700][00000264AEF1CC80 49] LinuxAArch64Client, [00000264AF8C0C00][00000264AEF20DC0 49] LinuxServer, [00000264AF80C400][00000264AEF28F40 49] LinuxAArch64Server, [00000264AF8C1600][00000264AEF2D0C0 49] Android, [00000264AF80F600][00000264AEF31240 49] Android_Low, [00000264AF8C1900][00000264AEF353C0 49] Android_Mid, [00000264AF80C300][00000264AEF39540 49] Android_High, [00000264AF8C1700][00000264AEF3D6C0 49] Android_Default, [00000264AF80C800][00000264AEF41840 49] Android_Adreno4xx, [00000264AF8C1500][00000264AEF459C0 49] Android_Adreno5xx_Low, [00000264AF80D900][00000264AEF49B40 49] Android_Adreno5xx, [00000264AF8C0F00][00000264AEF4C140 49] Android_Adreno6xx, [00000264AF80E500][00000264AEF502C0 49] Android_Adreno6xx_Vulkan, [00000264AF8C1C00][00000264AEF54440 49] Android_Mali_T6xx, [00000264AF80E300][00000264AEF585C0 49] Android_Mali_T7xx, [00000264AF8C0200][00000264AEF5C740 49] Android_Mali_T8xx, [00000264AF80F800][00000264AEF608C0 49] Android_Mali_G71, [00000264AF8C0600][00000264AEF64A40 49] Android_Mali_G72, [00000264AF80EC00][00000264AEF24B80 49] Android_Mali_G72_Vulkan, [00000264AF8C1300][00000264AEF68CC0 49] Android_Mali_G76, [00000264AF795A00][00000264A7068E00 49] Android_Mali_G76_Vulkan, [00000264AF803700][00000264A706CF40 49] Android_Mali_G77, [00000264AF796100][00000264A70750C0 49] Android_Mali_G77_Vulkan, [00000264AF800C00][00000264A7079240 49] Android_Mali_G78, [00000264AF797600][00000264A707D3C0 49] Android_Mali_G78_Vulkan, [00000264AF802600][00000264A7081540 49] Android_Mali_G710, [00000264AF794700][00000264A70856C0 49] Android_Mali_G710_Vulkan, [00000264AF800400][00000264A7089840 49] Android_Vulkan_SM5, [00000264AF794900][00000264A708D9C0 49] Android_PowerVR_G6xxx, [00000264AF800100][00000264A7091B40 49] Android_PowerVR_GT7xxx, [00000264AF796600][00000264A7094140 49] Android_PowerVR_GE8xxx, [00000264AF802A00][00000264A70982C0 49] Android_PowerVR_GM9xxx, [00000264AF796A00][00000264A709C440 49] Android_PowerVR_GM9xxx_Vulkan, [00000264AF802E00][00000264A70A05C0 49] Android_TegraK1, [00000264AF796B00][00000264A70A4740 49] Android_Unknown_Vulkan, [00000264AF801B00][00000264A70A88C0 49] Lumin, [00000264AF796700][00000264A70ACA40 49] Lumin_Desktop, [00000264AF800300][00000264A70B0BC0 49] HoloLens, 
[2022.01.29-07.41.48:834][  0]LogMeshReduction: Using QuadricMeshReduction for automatic static mesh reduction
[2022.01.29-07.41.48:834][  0]LogMeshReduction: Using SimplygonMeshReduction for automatic skeletal mesh reduction
[2022.01.29-07.41.48:834][  0]LogMeshReduction: Using ProxyLODMeshReduction for automatic mesh merging
[2022.01.29-07.41.48:835][  0]LogMeshReduction: No distributed automatic mesh merging module available
[2022.01.29-07.41.48:835][  0]LogMeshMerging: No distributed automatic mesh merging module available
[2022.01.29-07.41.48:873][  0]LogNetVersion: MyProject3 1.0.0, NetCL: 17155196, EngineNetVer: 17, GameNetVer: 0 (Checksum: 3986482189)
[2022.01.29-07.41.49:570][  0]LogTexture: Default maximum texture size for cubemaps generated from long-lat sources has been changed from 512 to unlimited. In order to preserve old behaiour for '/Engine/MapTemplates/Sky/DaylightAmbientCubemap.DaylightAmbientCubemap', its maximum texture size has been explicitly set to 512.
[2022.01.29-07.41.49:701][  0]LogHMD: PokeAHoleMaterial loaded successfully
[2022.01.29-07.41.49:709][  0]LogUObjectArray: 17178 objects as part of root set at end of initial load.
[2022.01.29-07.41.49:709][  0]LogUObjectAllocator: 4302048 out of 0 bytes used by permanent object pool.
[2022.01.29-07.41.49:709][  0]LogUObjectArray: CloseDisregardForGC: 0/0 objects in disregard for GC pool
[2022.01.29-07.41.50:027][  0]LogNiagaraDebuggerClient: Niagara Debugger Client Initialized | Session: BBAF3261419513E9FEF9B2AA37A07956 | Instance: 3BDF9788442F7157AC3F9F9C267E40AE (LAPTOP-7P5N213D-12208).
[2022.01.29-07.41.50:062][  0]LogPython: Using Python 3.7.7
[2022.01.29-07.41.50:662][  0]LogTcpMessaging: Initializing TcpMessaging bridge
[2022.01.29-07.41.50:667][  0]LogUdpMessaging: Initializing bridge on interface 0.0.0.0:0 to multicast group 230.0.0.1:6666.
[2022.01.29-07.41.50:759][  0]LogLinker: Warning: Failed to load '/Game/ThirdPersonBP/ThirdPersonOverview': Can't find file.
[2022.01.29-07.41.50:759][  0]LogLinker: Warning: Failed to load '/Game/ThirdPersonBP/ThirdPersonOverview': Can't find file.
[2022.01.29-07.41.50:759][  0]LogUObjectGlobals: Warning: Failed to find object 'Class /Game/ThirdPersonBP/ThirdPersonOverview.ThirdPersonOverview_C'
[2022.01.29-07.41.51:065][  0]LogOpenImageDenoise: OIDN starting up
[2022.01.29-07.41.51:132][  0]LogAndroidPermission: UAndroidPermissionCallbackProxy::GetInstance
[2022.01.29-07.41.51:158][  0]LogAudioCaptureCore: Display: No Audio Capture implementations found. Audio input will be silent.
[2022.01.29-07.41.51:158][  0]LogAudioCaptureCore: Display: No Audio Capture implementations found. Audio input will be silent.
[2022.01.29-07.41.51:318][  0]SourceControl: Source control is disabled
[2022.01.29-07.41.51:318][  0]SourceControl: Source control is disabled
[2022.01.29-07.41.51:322][  0]SourceControl: Source control is disabled
[2022.01.29-07.41.51:326][  0]SourceControl: Source control is disabled
[2022.01.29-07.41.51:332][  0]SourceControl: Source control is disabled
[2022.01.29-07.41.51:340][  0]LogUProjectInfo: Found projects:
[2022.01.29-07.41.51:348][  0]LogVSAccessor: Display: Unable to create Visual Studio setup instance: 80040154
[2022.01.29-07.41.51:349][  0]LogVSAccessor: Display: Unable to create Visual Studio setup instance: 80040154
[2022.01.29-07.41.51:349][  0]LogVSAccessor: Display: Unable to create Visual Studio setup instance: 80040154
[2022.01.29-07.41.51:371][  0]LogCollectionManager: Loaded 0 collections in 0.002842 seconds
[2022.01.29-07.41.51:413][  0]LogFileCache: Scanning file cache for directory 'E:/Unreal Engine/MyProject3/Saved/Collections/' took 0.00s
[2022.01.29-07.41.51:413][  0]LogFileCache: Scanning file cache for directory 'E:/Unreal Engine/MyProject3/Content/Developers/Akansha/Collections/' took 0.00s
[2022.01.29-07.41.51:413][  0]LogFileCache: Scanning file cache for directory 'E:/Unreal Engine/MyProject3/Content/Collections/' took 0.00s
[2022.01.29-07.41.51:413][  0]LogOcInput: OculusInput pre-init called
[2022.01.29-07.41.51:655][  0]LogEngine: Initializing Engine...
[2022.01.29-07.41.51:665][  0]LogHMD: Failed to enumerate extensions. Please check that you have a valid OpenXR runtime installed.
[2022.01.29-07.41.51:666][  0]LogHMD: Failed to initialize OpenVR with code 110
[2022.01.29-07.41.51:666][  0]LogMagicLeap: Warning: VR disabled because ZI is not enabled.  To enable, in the editor, Edit -> Project Settings -> Plugins -> Magic Leap Plugin -> Enable Zero Iteration
[2022.01.29-07.41.51:668][  0]LogStats: UGameplayTagsManager::InitializeManager -  0.000 s
[2022.01.29-07.41.51:812][  0]LogInit: Initializing FReadOnlyCVARCache
[2022.01.29-07.41.51:828][  0]LogAIModule: Creating AISystem for world Untitled
[2022.01.29-07.41.51:834][  0]LogAudio: Display: Initializing Audio Device Manager...
[2022.01.29-07.41.51:839][  0]LogAudio: Display: Loading Default Audio Settings Objects...
[2022.01.29-07.41.51:840][  0]LogAudio: Display: No default SoundConcurrencyObject specified (or failed to load).
[2022.01.29-07.41.51:840][  0]LogAudio: Display: Audio Device Manager Initialized
[2022.01.29-07.41.51:840][  0]LogAudio: Display: Creating Audio Device:                 Id: 1, Scope: Shared, Realtime: True
[2022.01.29-07.41.51:840][  0]LogAudioMixer: Display: Audio Mixer Platform Settings:
[2022.01.29-07.41.51:840][  0]LogAudioMixer: Display: 	Sample Rate:						  48000
[2022.01.29-07.41.51:840][  0]LogAudioMixer: Display: 	Callback Buffer Frame Size Requested: 1024
[2022.01.29-07.41.51:840][  0]LogAudioMixer: Display: 	Callback Buffer Frame Size To Use:	  1024
[2022.01.29-07.41.51:840][  0]LogAudioMixer: Display: 	Number of buffers to queue:			  2
[2022.01.29-07.41.51:840][  0]LogAudioMixer: Display: 	Max Channels (voices):				  32
[2022.01.29-07.41.51:840][  0]LogAudioMixer: Display: 	Number of Async Source Workers:		  0
[2022.01.29-07.41.51:840][  0]LogAudio: Display: AudioDevice MaxSources: 32
[2022.01.29-07.41.51:840][  0]LogAudio: Display: Audio Spatialization Plugin: None (built-in).
[2022.01.29-07.41.51:840][  0]LogAudio: Display: Audio Reverb Plugin: None (built-in).
[2022.01.29-07.41.51:840][  0]LogAudio: Display: Audio Occlusion Plugin: None (built-in).
[2022.01.29-07.41.51:840][  0]LogAudioMixer: Display: Initializing audio mixer.
[2022.01.29-07.41.51:853][  0]LogAudioMixer: Display: 0: FrontLeft
[2022.01.29-07.41.51:853][  0]LogAudioMixer: Display: 1: FrontRight
[2022.01.29-07.41.51:882][  0]LogAudioMixer: Display: Using Audio Device Headphones (Realtek(R) Audio)
[2022.01.29-07.41.51:885][  0]LogAudioMixer: Display: Initializing Sound Submixes...
[2022.01.29-07.41.51:888][  0]LogAudioMixer: Display: Creating Master Submix 'MasterSubmixDefault'
[2022.01.29-07.41.51:888][  0]LogAudioMixer: Display: Creating Master Submix 'MasterReverbSubmixDefault'
[2022.01.29-07.41.51:889][  0]LogAudioMixer: Display: Creating Master Submix 'MasterEQSubmixDefault'
[2022.01.29-07.41.51:889][  0]LogAudioMixer: FMixerPlatformXAudio2::StartAudioStream() called
[2022.01.29-07.41.51:889][  0]LogAudioMixer: Display: Output buffers initialized: Frames=1024, Channels=2, Samples=2048
[2022.01.29-07.41.51:891][  0]LogAudioMixer: Display: Starting AudioMixerPlatformInterface::RunInternal()
[2022.01.29-07.41.51:891][  0]LogAudioMixer: Display: FMixerPlatformXAudio2::SubmitBuffer() called for the first time
[2022.01.29-07.41.51:891][  0]LogInit: FAudioDevice initialized.
[2022.01.29-07.41.51:891][  0]LogAudio: Display: Audio Device (ID: 1) registered with world 'Untitled'.
[2022.01.29-07.41.51:891][  0]LogNetVersion: Set ProjectVersion to 1.0.0.0. Version Checksum will be recalculated on next use.
[2022.01.29-07.41.51:962][  0]LogDerivedDataCache: Saved boot cache 0.07s 94MB C:/Users/Akansha/AppData/Local/UnrealEngine/4.27/DerivedDataCache/Boot.ddc.
[2022.01.29-07.41.51:963][  0]LogInit: Texture streaming: Enabled
[2022.01.29-07.41.51:983][  0]LogAnalytics: Display: [UEEditor.Rocket.Release] APIServer = https://datarouter.ol.epicgames.com/. AppVersion = 4.27.2-18319896+++UE4+Release-4.27
[2022.01.29-07.41.51:989][  0]LogEngineSessionManager: EngineSessionManager initialized
[2022.01.29-07.41.51:989][  0]LogEditorSessionSummary: Verbose: Initializing EditorSessionSummaryWriter for editor session tracking
[2022.01.29-07.41.51:995][  0]LogEditorSessionSummary: EditorSessionSummaryWriter initialized
[2022.01.29-07.41.52:030][  0]LogInit: Transaction tracking system initialized
[2022.01.29-07.41.52:055][  0]BlueprintLog: New page: Editor Load
[2022.01.29-07.41.52:123][  0]LocalizationService: Localization service is disabled
[2022.01.29-07.41.52:150][  0]TimingProfiler: Initialize
[2022.01.29-07.41.52:150][  0]TimingProfiler: OnSessionChanged
[2022.01.29-07.41.52:150][  0]LoadingProfiler: Initialize
[2022.01.29-07.41.52:150][  0]LoadingProfiler: OnSessionChanged
[2022.01.29-07.41.52:150][  0]NetworkingProfiler: Initialize
[2022.01.29-07.41.52:150][  0]NetworkingProfiler: OnSessionChanged
[2022.01.29-07.41.52:150][  0]MemoryProfiler: Initialize
[2022.01.29-07.41.52:150][  0]MemoryProfiler: OnSessionChanged
[2022.01.29-07.41.52:214][  0]LogVSAccessor: Display: Unable to create Visual Studio setup instance: 80040154
[2022.01.29-07.41.52:215][  0]LogVSAccessor: Display: Unable to create Visual Studio setup instance: 80040154
[2022.01.29-07.41.52:215][  0]LogVSAccessor: Display: Unable to create Visual Studio setup instance: 80040154
[2022.01.29-07.41.52:329][  0]LogCook: Display: CookSettings for Memory: MemoryMaxUsedVirtual 0MiB, MemoryMaxUsedPhysical 16384MiB, MemoryMinFreeVirtual 0MiB, MemoryMinFreePhysical 1024MiB
[2022.01.29-07.41.52:329][  0]LogCook: Display: Mobile HDR setting 1
[2022.01.29-07.41.52:557][  0]LogFileCache: Scanning file cache for directory 'E:/Unreal Engine/MyProject3/Content/' took 0.00s
[2022.01.29-07.41.52:726][  0]LogInit: Display: Engine is initialized. Leaving FEngineLoop::Init()
[2022.01.29-07.41.52:731][  0]SourceControl: Source control is disabled
[2022.01.29-07.41.52:731][  0]LogUnrealEdMisc: Loading editor; pre map load, took 7.717
[2022.01.29-07.41.52:731][  0]Cmd: MAP LOAD FILE="E:/Unreal Engine/MyProject3/Content/FPSMap.umap" TEMPLATE=0 SHOWPROGRESS=1 FEATURELEVEL=3
[2022.01.29-07.41.52:732][  0]LightingResults: New page: Lighting Build
[2022.01.29-07.41.52:733][  0]LogWorld: UWorld::CleanupWorld for Untitled, bSessionEnded=true, bCleanupResources=true
[2022.01.29-07.41.52:733][  0]LogSlate: InvalidateAllWidgets triggered.  All widgets were invalidated
[2022.01.29-07.41.52:733][  0]MapCheck: New page: Map Check
[2022.01.29-07.41.52:733][  0]LightingResults: New page: Lighting Build
[2022.01.29-07.41.52:737][  0]LogAudio: Display: Audio Device unregistered from world 'None'.
[2022.01.29-07.41.52:740][  0]LogUObjectHash: Compacting FUObjectHashTables data took   0.81ms
[2022.01.29-07.41.52:839][  0]LogBlueprint: Warning: [AssetLog] E:\Unreal Engine\MyProject3\Content\AnimStarterPack\Ue4ASP_Character.uasset: [Compiler] InputAction Event references unknown Action 'Crouch' for  InputAction Crouch
[2022.01.29-07.41.52:839][  0]LogBlueprint: Warning: [AssetLog] E:\Unreal Engine\MyProject3\Content\AnimStarterPack\Ue4ASP_Character.uasset: [Compiler] InputAction Event references unknown Action 'Jump' for  InputAction Jump
[2022.01.29-07.41.52:839][  0]LogBlueprint: Warning: [AssetLog] E:\Unreal Engine\MyProject3\Content\AnimStarterPack\Ue4ASP_Character.uasset: [Compiler] Input Axis Event references unknown Axis 'LookUp' for  InputAxis LookUp
[2022.01.29-07.41.53:066][  0]LogAudio: Display: Audio Device (ID: 1) registered with world 'FPSMap'.
[2022.01.29-07.41.53:067][  0]LogAIModule: Creating AISystem for world FPSMap
[2022.01.29-07.41.53:085][  0]LogEditorServer: Finished looking for orphan Actors (0.000 secs)
[2022.01.29-07.41.53:096][  0]LogUObjectHash: Compacting FUObjectHashTables data took   1.21ms
[2022.01.29-07.41.53:097][  0]Cmd: MAP CHECKDEP NOCLEARLOG
[2022.01.29-07.41.53:097][  0]MapCheck: Map check complete: 0 Error(s), 0 Warning(s), took 0.181ms to complete.
[2022.01.29-07.41.53:097][  0]LogFileHelpers: Loading map 'FPSMap' took 0.366
[2022.01.29-07.41.53:100][  0]LogUnrealEdMisc: Total Editor Startup Time, took 8.085
[2022.01.29-07.41.53:274][  0]LogSlate: Updating window title bar state: overlay mode, drag disabled, window buttons hidden, title bar hidden
[2022.01.29-07.41.53:280][  0]LogSlate: Updating window title bar state: overlay mode, drag disabled, window buttons hidden, title bar hidden
[2022.01.29-07.41.53:287][  0]LogSlate: Updating window title bar state: overlay mode, drag disabled, window buttons hidden, title bar hidden
[2022.01.29-07.41.53:293][  0]LogSlate: Updating window title bar state: overlay mode, drag disabled, window buttons hidden, title bar hidden
[2022.01.29-07.41.53:322][  0]LogNativeClassHierarchy: Verbose: Native class hierarchy populated in 0.0103 seconds. Added 3822 classes and 928 folders.
[2022.01.29-07.41.53:331][  0]LogNativeClassHierarchy: Verbose: Native class hierarchy updated for 'WidgetCarousel' in 0.0003 seconds. Added 0 classes and 0 folders.
[2022.01.29-07.41.53:338][  0]LogPakFile: PakFile PrimaryIndexSize=187
[2022.01.29-07.41.53:338][  0]LogPakFile: PakFile PathHashIndexSize=101
[2022.01.29-07.41.53:338][  0]LogPakFile: PakFile FullDirectoryIndexSize=148
[2022.01.29-07.41.53:339][  0]LogShaderLibrary: Display: ShaderCodeLibraryPakFileMountedCallback: PakFile 'C:/Program Files/Epic Games/UE_4.27/FeaturePacks/FP_FirstPerson.upack' (chunk index -1, root 'root:/') mounted
[2022.01.29-07.41.53:339][  0]LogShaderLibrary: Display: ShaderCodeLibraryPakFileMountedCallback: pending pak file info (ChunkID:-1 Root:root:/ File:C:/Program Files/Epic Games/UE_4.27/FeaturePacks/FP_FirstPerson.upack)
[2022.01.29-07.41.53:339][  0]LogPakFile: OnPakFileMounted2Time == 0.000224
[2022.01.29-07.41.53:342][  0]LogPakFile: PakFile PrimaryIndexSize=189
[2022.01.29-07.41.53:342][  0]LogPakFile: PakFile PathHashIndexSize=101
[2022.01.29-07.41.53:342][  0]LogPakFile: PakFile FullDirectoryIndexSize=152
[2022.01.29-07.41.53:342][  0]LogShaderLibrary: Display: ShaderCodeLibraryPakFileMountedCallback: PakFile 'C:/Program Files/Epic Games/UE_4.27/FeaturePacks/FP_FirstPersonBP.upack' (chunk index -1, root 'root:/') mounted
[2022.01.29-07.41.53:342][  0]LogShaderLibrary: Display: ShaderCodeLibraryPakFileMountedCallback: pending pak file info (ChunkID:-1 Root:root:/ File:C:/Program Files/Epic Games/UE_4.27/FeaturePacks/FP_FirstPersonBP.upack)
[2022.01.29-07.41.53:342][  0]LogPakFile: OnPakFileMounted2Time == 0.000042
[2022.01.29-07.41.53:344][  0]LogPakFile: PakFile PrimaryIndexSize=191
[2022.01.29-07.41.53:344][  0]LogPakFile: PakFile PathHashIndexSize=101
[2022.01.29-07.41.53:344][  0]LogPakFile: PakFile FullDirectoryIndexSize=160
[2022.01.29-07.41.53:344][  0]LogShaderLibrary: Display: ShaderCodeLibraryPakFileMountedCallback: PakFile 'C:/Program Files/Epic Games/UE_4.27/FeaturePacks/MobileStarterContent.upack' (chunk index -1, root 'root:/') mounted
[2022.01.29-07.41.53:344][  0]LogShaderLibrary: Display: ShaderCodeLibraryPakFileMountedCallback: pending pak file info (ChunkID:-1 Root:root:/ File:C:/Program Files/Epic Games/UE_4.27/FeaturePacks/MobileStarterContent.upack)
[2022.01.29-07.41.53:344][  0]LogPakFile: OnPakFileMounted2Time == 0.000046
[2022.01.29-07.41.53:346][  0]LogPakFile: PakFile PrimaryIndexSize=185
[2022.01.29-07.41.53:346][  0]LogPakFile: PakFile PathHashIndexSize=101
[2022.01.29-07.41.53:346][  0]LogPakFile: PakFile FullDirectoryIndexSize=148
[2022.01.29-07.41.53:346][  0]LogShaderLibrary: Display: ShaderCodeLibraryPakFileMountedCallback: PakFile 'C:/Program Files/Epic Games/UE_4.27/FeaturePacks/StarterContent.upack' (chunk index -1, root 'root:/') mounted
[2022.01.29-07.41.53:346][  0]LogShaderLibrary: Display: ShaderCodeLibraryPakFileMountedCallback: pending pak file info (ChunkID:-1 Root:root:/ File:C:/Program Files/Epic Games/UE_4.27/FeaturePacks/StarterContent.upack)
[2022.01.29-07.41.53:346][  0]LogPakFile: OnPakFileMounted2Time == 0.000037
[2022.01.29-07.41.53:348][  0]LogPakFile: PakFile PrimaryIndexSize=190
[2022.01.29-07.41.53:348][  0]LogPakFile: PakFile PathHashIndexSize=101
[2022.01.29-07.41.53:348][  0]LogPakFile: PakFile FullDirectoryIndexSize=154
[2022.01.29-07.41.53:348][  0]LogShaderLibrary: Display: ShaderCodeLibraryPakFileMountedCallback: PakFile 'C:/Program Files/Epic Games/UE_4.27/FeaturePacks/TP_2DSideScroller.upack' (chunk index -1, root 'root:/') mounted
[2022.01.29-07.41.53:348][  0]LogShaderLibrary: Display: ShaderCodeLibraryPakFileMountedCallback: pending pak file info (ChunkID:-1 Root:root:/ File:C:/Program Files/Epic Games/UE_4.27/FeaturePacks/TP_2DSideScroller.upack)
[2022.01.29-07.41.53:348][  0]LogPakFile: OnPakFileMounted2Time == 0.000035
[2022.01.29-07.41.53:349][  0]LogPakFile: PakFile PrimaryIndexSize=192
[2022.01.29-07.41.53:349][  0]LogPakFile: PakFile PathHashIndexSize=101
[2022.01.29-07.41.53:349][  0]LogPakFile: PakFile FullDirectoryIndexSize=158
[2022.01.29-07.41.53:349][  0]LogShaderLibrary: Display: ShaderCodeLibraryPakFileMountedCallback: PakFile 'C:/Program Files/Epic Games/UE_4.27/FeaturePacks/TP_2DSideScrollerBP.upack' (chunk index -1, root 'root:/') mounted
[2022.01.29-07.41.53:349][  0]LogShaderLibrary: Display: ShaderCodeLibraryPakFileMountedCallback: pending pak file info (ChunkID:-1 Root:root:/ File:C:/Program Files/Epic Games/UE_4.27/FeaturePacks/TP_2DSideScrollerBP.upack)
[2022.01.29-07.41.53:349][  0]LogPakFile: OnPakFileMounted2Time == 0.000039
[2022.01.29-07.41.53:350][  0]LogPakFile: PakFile PrimaryIndexSize=182
[2022.01.29-07.41.53:350][  0]LogPakFile: PakFile PathHashIndexSize=101
[2022.01.29-07.41.53:350][  0]LogPakFile: PakFile FullDirectoryIndexSize=138
[2022.01.29-07.41.53:350][  0]LogShaderLibrary: Display: ShaderCodeLibraryPakFileMountedCallback: PakFile 'C:/Program Files/Epic Games/UE_4.27/FeaturePacks/TP_Flying.upack' (chunk index -1, root 'root:/') mounted
[2022.01.29-07.41.53:350][  0]LogShaderLibrary: Display: ShaderCodeLibraryPakFileMountedCallback: pending pak file info (ChunkID:-1 Root:root:/ File:C:/Program Files/Epic Games/UE_4.27/FeaturePacks/TP_Flying.upack)
[2022.01.29-07.41.53:351][  0]LogPakFile: OnPakFileMounted2Time == 0.000035
[2022.01.29-07.41.53:352][  0]LogPakFile: PakFile PrimaryIndexSize=184
[2022.01.29-07.41.53:353][  0]LogPakFile: PakFile PathHashIndexSize=101
[2022.01.29-07.41.53:353][  0]LogPakFile: PakFile FullDirectoryIndexSize=142
[2022.01.29-07.41.53:353][  0]LogShaderLibrary: Display: ShaderCodeLibraryPakFileMountedCallback: PakFile 'C:/Program Files/Epic Games/UE_4.27/FeaturePacks/TP_FlyingBP.upack' (chunk index -1, root 'root:/') mounted
[2022.01.29-07.41.53:353][  0]LogShaderLibrary: Display: ShaderCodeLibraryPakFileMountedCallback: pending pak file info (ChunkID:-1 Root:root:/ File:C:/Program Files/Epic Games/UE_4.27/FeaturePacks/TP_FlyingBP.upack)
[2022.01.29-07.41.53:353][  0]LogPakFile: OnPakFileMounted2Time == 0.000046
[2022.01.29-07.41.53:355][  0]LogPakFile: PakFile PrimaryIndexSize=188
[2022.01.29-07.41.53:356][  0]LogPakFile: PakFile PathHashIndexSize=101
[2022.01.29-07.41.53:356][  0]LogPakFile: PakFile FullDirectoryIndexSize=150
[2022.01.29-07.41.53:356][  0]LogShaderLibrary: Display: ShaderCodeLibraryPakFileMountedCallback: PakFile 'C:/Program Files/Epic Games/UE_4.27/FeaturePacks/TP_HandheldARBP.upack' (chunk index -1, root 'root:/') mounted
[2022.01.29-07.41.53:356][  0]LogShaderLibrary: Display: ShaderCodeLibraryPakFileMountedCallback: pending pak file info (ChunkID:-1 Root:root:/ File:C:/Program Files/Epic Games/UE_4.27/FeaturePacks/TP_HandheldARBP.upack)
[2022.01.29-07.41.53:356][  0]LogPakFile: OnPakFileMounted2Time == 0.000043
[2022.01.29-07.41.53:359][  0]LogPakFile: PakFile PrimaryIndexSize=182
[2022.01.29-07.41.53:359][  0]LogPakFile: PakFile PathHashIndexSize=101
[2022.01.29-07.41.53:359][  0]LogPakFile: PakFile FullDirectoryIndexSize=138
[2022.01.29-07.41.53:359][  0]LogShaderLibrary: Display: ShaderCodeLibraryPakFileMountedCallback: PakFile 'C:/Program Files/Epic Games/UE_4.27/FeaturePacks/TP_Puzzle.upack' (chunk index -1, root 'root:/') mounted
[2022.01.29-07.41.53:359][  0]LogShaderLibrary: Display: ShaderCodeLibraryPakFileMountedCallback: pending pak file info (ChunkID:-1 Root:root:/ File:C:/Program Files/Epic Games/UE_4.27/FeaturePacks/TP_Puzzle.upack)
[2022.01.29-07.41.53:359][  0]LogPakFile: OnPakFileMounted2Time == 0.000040
[2022.01.29-07.41.53:361][  0]LogPakFile: PakFile PrimaryIndexSize=184
[2022.01.29-07.41.53:361][  0]LogPakFile: PakFile PathHashIndexSize=101
[2022.01.29-07.41.53:361][  0]LogPakFile: PakFile FullDirectoryIndexSize=142
[2022.01.29-07.41.53:361][  0]LogShaderLibrary: Display: ShaderCodeLibraryPakFileMountedCallback: PakFile 'C:/Program Files/Epic Games/UE_4.27/FeaturePacks/TP_PuzzleBP.upack' (chunk index -1, root 'root:/') mounted
[2022.01.29-07.41.53:361][  0]LogShaderLibrary: Display: ShaderCodeLibraryPakFileMountedCallback: pending pak file info (ChunkID:-1 Root:root:/ File:C:/Program Files/Epic Games/UE_4.27/FeaturePacks/TP_PuzzleBP.upack)
[2022.01.29-07.41.53:361][  0]LogPakFile: OnPakFileMounted2Time == 0.000035
[2022.01.29-07.41.53:362][  0]LogPakFile: PakFile PrimaryIndexSize=183
[2022.01.29-07.41.53:362][  0]LogPakFile: PakFile PathHashIndexSize=101
[2022.01.29-07.41.53:363][  0]LogPakFile: PakFile FullDirectoryIndexSize=140
[2022.01.29-07.41.53:363][  0]LogShaderLibrary: Display: ShaderCodeLibraryPakFileMountedCallback: PakFile 'C:/Program Files/Epic Games/UE_4.27/FeaturePacks/TP_Rolling.upack' (chunk index -1, root 'root:/') mounted
[2022.01.29-07.41.53:363][  0]LogShaderLibrary: Display: ShaderCodeLibraryPakFileMountedCallback: pending pak file info (ChunkID:-1 Root:root:/ File:C:/Program Files/Epic Games/UE_4.27/FeaturePacks/TP_Rolling.upack)
[2022.01.29-07.41.53:363][  0]LogPakFile: OnPakFileMounted2Time == 0.000037
[2022.01.29-07.41.53:365][  0]LogPakFile: PakFile PrimaryIndexSize=185
[2022.01.29-07.41.53:365][  0]LogPakFile: PakFile PathHashIndexSize=101
[2022.01.29-07.41.53:365][  0]LogPakFile: PakFile FullDirectoryIndexSize=144
[2022.01.29-07.41.53:365][  0]LogShaderLibrary: Display: ShaderCodeLibraryPakFileMountedCallback: PakFile 'C:/Program Files/Epic Games/UE_4.27/FeaturePacks/TP_RollingBP.upack' (chunk index -1, root 'root:/') mounted
[2022.01.29-07.41.53:365][  0]LogShaderLibrary: Display: ShaderCodeLibraryPakFileMountedCallback: pending pak file info (ChunkID:-1 Root:root:/ File:C:/Program Files/Epic Games/UE_4.27/FeaturePacks/TP_RollingBP.upack)
[2022.01.29-07.41.53:365][  0]LogPakFile: OnPakFileMounted2Time == 0.000056
[2022.01.29-07.41.53:366][  0]LogPakFile: PakFile PrimaryIndexSize=188
[2022.01.29-07.41.53:366][  0]LogPakFile: PakFile PathHashIndexSize=101
[2022.01.29-07.41.53:366][  0]LogPakFile: PakFile FullDirectoryIndexSize=150
[2022.01.29-07.41.53:367][  0]LogShaderLibrary: Display: ShaderCodeLibraryPakFileMountedCallback: PakFile 'C:/Program Files/Epic Games/UE_4.27/FeaturePacks/TP_SideScroller.upack' (chunk index -1, root 'root:/') mounted
[2022.01.29-07.41.53:367][  0]LogShaderLibrary: Display: ShaderCodeLibraryPakFileMountedCallback: pending pak file info (ChunkID:-1 Root:root:/ File:C:/Program Files/Epic Games/UE_4.27/FeaturePacks/TP_SideScroller.upack)
[2022.01.29-07.41.53:367][  0]LogPakFile: OnPakFileMounted2Time == 0.000038
[2022.01.29-07.41.53:368][  0]LogPakFile: PakFile PrimaryIndexSize=190
[2022.01.29-07.41.53:368][  0]LogPakFile: PakFile PathHashIndexSize=101
[2022.01.29-07.41.53:368][  0]LogPakFile: PakFile FullDirectoryIndexSize=154
[2022.01.29-07.41.53:368][  0]LogShaderLibrary: Display: ShaderCodeLibraryPakFileMountedCallback: PakFile 'C:/Program Files/Epic Games/UE_4.27/FeaturePacks/TP_SideScrollerBP.upack' (chunk index -1, root 'root:/') mounted
[2022.01.29-07.41.53:368][  0]LogShaderLibrary: Display: ShaderCodeLibraryPakFileMountedCallback: pending pak file info (ChunkID:-1 Root:root:/ File:C:/Program Files/Epic Games/UE_4.27/FeaturePacks/TP_SideScrollerBP.upack)
[2022.01.29-07.41.53:368][  0]LogPakFile: OnPakFileMounted2Time == 0.000036
[2022.01.29-07.41.53:370][  0]LogPakFile: PakFile PrimaryIndexSize=187
[2022.01.29-07.41.53:370][  0]LogPakFile: PakFile PathHashIndexSize=101
[2022.01.29-07.41.53:370][  0]LogPakFile: PakFile FullDirectoryIndexSize=148
[2022.01.29-07.41.53:370][  0]LogShaderLibrary: Display: ShaderCodeLibraryPakFileMountedCallback: PakFile 'C:/Program Files/Epic Games/UE_4.27/FeaturePacks/TP_ThirdPerson.upack' (chunk index -1, root 'root:/') mounted
[2022.01.29-07.41.53:370][  0]LogShaderLibrary: Display: ShaderCodeLibraryPakFileMountedCallback: pending pak file info (ChunkID:-1 Root:root:/ File:C:/Program Files/Epic Games/UE_4.27/FeaturePacks/TP_ThirdPerson.upack)
[2022.01.29-07.41.53:370][  0]LogPakFile: OnPakFileMounted2Time == 0.000041
[2022.01.29-07.41.53:372][  0]LogPakFile: PakFile PrimaryIndexSize=189
[2022.01.29-07.41.53:373][  0]LogPakFile: PakFile PathHashIndexSize=101
[2022.01.29-07.41.53:373][  0]LogPakFile: PakFile FullDirectoryIndexSize=152
[2022.01.29-07.41.53:373][  0]LogShaderLibrary: Display: ShaderCodeLibraryPakFileMountedCallback: PakFile 'C:/Program Files/Epic Games/UE_4.27/FeaturePacks/TP_ThirdPersonBP.upack' (chunk index -1, root 'root:/') mounted
[2022.01.29-07.41.53:373][  0]LogShaderLibrary: Display: ShaderCodeLibraryPakFileMountedCallback: pending pak file info (ChunkID:-1 Root:root:/ File:C:/Program Files/Epic Games/UE_4.27/FeaturePacks/TP_ThirdPersonBP.upack)
[2022.01.29-07.41.53:373][  0]LogPakFile: OnPakFileMounted2Time == 0.000039
[2022.01.29-07.41.53:375][  0]LogPakFile: PakFile PrimaryIndexSize=183
[2022.01.29-07.41.53:375][  0]LogPakFile: PakFile PathHashIndexSize=101
[2022.01.29-07.41.53:375][  0]LogPakFile: PakFile FullDirectoryIndexSize=140
[2022.01.29-07.41.53:375][  0]LogShaderLibrary: Display: ShaderCodeLibraryPakFileMountedCallback: PakFile 'C:/Program Files/Epic Games/UE_4.27/FeaturePacks/TP_TopDown.upack' (chunk index -1, root 'root:/') mounted
[2022.01.29-07.41.53:375][  0]LogShaderLibrary: Display: ShaderCodeLibraryPakFileMountedCallback: pending pak file info (ChunkID:-1 Root:root:/ File:C:/Program Files/Epic Games/UE_4.27/FeaturePacks/TP_TopDown.upack)
[2022.01.29-07.41.53:375][  0]LogPakFile: OnPakFileMounted2Time == 0.000048
[2022.01.29-07.41.53:377][  0]LogPakFile: PakFile PrimaryIndexSize=185
[2022.01.29-07.41.53:377][  0]LogPakFile: PakFile PathHashIndexSize=101
[2022.01.29-07.41.53:377][  0]LogPakFile: PakFile FullDirectoryIndexSize=144
[2022.01.29-07.41.53:377][  0]LogShaderLibrary: Display: ShaderCodeLibraryPakFileMountedCallback: PakFile 'C:/Program Files/Epic Games/UE_4.27/FeaturePacks/TP_TopDownBP.upack' (chunk index -1, root 'root:/') mounted
[2022.01.29-07.41.53:377][  0]LogShaderLibrary: Display: ShaderCodeLibraryPakFileMountedCallback: pending pak file info (ChunkID:-1 Root:root:/ File:C:/Program Files/Epic Games/UE_4.27/FeaturePacks/TP_TopDownBP.upack)
[2022.01.29-07.41.53:377][  0]LogPakFile: OnPakFileMounted2Time == 0.000036
[2022.01.29-07.41.53:379][  0]LogPakFile: PakFile PrimaryIndexSize=185
[2022.01.29-07.41.53:379][  0]LogPakFile: PakFile PathHashIndexSize=101
[2022.01.29-07.41.53:379][  0]LogPakFile: PakFile FullDirectoryIndexSize=144
[2022.01.29-07.41.53:379][  0]LogShaderLibrary: Display: ShaderCodeLibraryPakFileMountedCallback: PakFile 'C:/Program Files/Epic Games/UE_4.27/FeaturePacks/TP_TwinStick.upack' (chunk index -1, root 'root:/') mounted
[2022.01.29-07.41.53:379][  0]LogShaderLibrary: Display: ShaderCodeLibraryPakFileMountedCallback: pending pak file info (ChunkID:-1 Root:root:/ File:C:/Program Files/Epic Games/UE_4.27/FeaturePacks/TP_TwinStick.upack)
[2022.01.29-07.41.53:379][  0]LogPakFile: OnPakFileMounted2Time == 0.000036
[2022.01.29-07.41.53:380][  0]LogPakFile: PakFile PrimaryIndexSize=187
[2022.01.29-07.41.53:380][  0]LogPakFile: PakFile PathHashIndexSize=101
[2022.01.29-07.41.53:380][  0]LogPakFile: PakFile FullDirectoryIndexSize=148
[2022.01.29-07.41.53:380][  0]LogShaderLibrary: Display: ShaderCodeLibraryPakFileMountedCallback: PakFile 'C:/Program Files/Epic Games/UE_4.27/FeaturePacks/TP_TwinStickBP.upack' (chunk index -1, root 'root:/') mounted
[2022.01.29-07.41.53:380][  0]LogShaderLibrary: Display: ShaderCodeLibraryPakFileMountedCallback: pending pak file info (ChunkID:-1 Root:root:/ File:C:/Program Files/Epic Games/UE_4.27/FeaturePacks/TP_TwinStickBP.upack)
[2022.01.29-07.41.53:380][  0]LogPakFile: OnPakFileMounted2Time == 0.000034
[2022.01.29-07.41.53:382][  0]LogPakFile: PakFile PrimaryIndexSize=183
[2022.01.29-07.41.53:382][  0]LogPakFile: PakFile PathHashIndexSize=101
[2022.01.29-07.41.53:382][  0]LogPakFile: PakFile FullDirectoryIndexSize=140
[2022.01.29-07.41.53:382][  0]LogShaderLibrary: Display: ShaderCodeLibraryPakFileMountedCallback: PakFile 'C:/Program Files/Epic Games/UE_4.27/FeaturePacks/TP_Vehicle.upack' (chunk index -1, root 'root:/') mounted
[2022.01.29-07.41.53:382][  0]LogShaderLibrary: Display: ShaderCodeLibraryPakFileMountedCallback: pending pak file info (ChunkID:-1 Root:root:/ File:C:/Program Files/Epic Games/UE_4.27/FeaturePacks/TP_Vehicle.upack)
[2022.01.29-07.41.53:382][  0]LogPakFile: OnPakFileMounted2Time == 0.000041
[2022.01.29-07.41.53:383][  0]LogPakFile: PakFile PrimaryIndexSize=186
[2022.01.29-07.41.53:383][  0]LogPakFile: PakFile PathHashIndexSize=101
[2022.01.29-07.41.53:383][  0]LogPakFile: PakFile FullDirectoryIndexSize=146
[2022.01.29-07.41.53:383][  0]LogShaderLibrary: Display: ShaderCodeLibraryPakFileMountedCallback: PakFile 'C:/Program Files/Epic Games/UE_4.27/FeaturePacks/TP_VehicleAdv.upack' (chunk index -1, root 'root:/') mounted
[2022.01.29-07.41.53:383][  0]LogShaderLibrary: Display: ShaderCodeLibraryPakFileMountedCallback: pending pak file info (ChunkID:-1 Root:root:/ File:C:/Program Files/Epic Games/UE_4.27/FeaturePacks/TP_VehicleAdv.upack)
[2022.01.29-07.41.53:383][  0]LogPakFile: OnPakFileMounted2Time == 0.000034
[2022.01.29-07.41.53:385][  0]LogPakFile: PakFile PrimaryIndexSize=188
[2022.01.29-07.41.53:385][  0]LogPakFile: PakFile PathHashIndexSize=101
[2022.01.29-07.41.53:385][  0]LogPakFile: PakFile FullDirectoryIndexSize=150
[2022.01.29-07.41.53:385][  0]LogShaderLibrary: Display: ShaderCodeLibraryPakFileMountedCallback: PakFile 'C:/Program Files/Epic Games/UE_4.27/FeaturePacks/TP_VehicleAdvBP.upack' (chunk index -1, root 'root:/') mounted
[2022.01.29-07.41.53:385][  0]LogShaderLibrary: Display: ShaderCodeLibraryPakFileMountedCallback: pending pak file info (ChunkID:-1 Root:root:/ File:C:/Program Files/Epic Games/UE_4.27/FeaturePacks/TP_VehicleAdvBP.upack)
[2022.01.29-07.41.53:385][  0]LogPakFile: OnPakFileMounted2Time == 0.000038
[2022.01.29-07.41.53:387][  0]LogPakFile: PakFile PrimaryIndexSize=185
[2022.01.29-07.41.53:387][  0]LogPakFile: PakFile PathHashIndexSize=101
[2022.01.29-07.41.53:387][  0]LogPakFile: PakFile FullDirectoryIndexSize=144
[2022.01.29-07.41.53:387][  0]LogShaderLibrary: Display: ShaderCodeLibraryPakFileMountedCallback: PakFile 'C:/Program Files/Epic Games/UE_4.27/FeaturePacks/TP_VehicleBP.upack' (chunk index -1, root 'root:/') mounted
[2022.01.29-07.41.53:387][  0]LogShaderLibrary: Display: ShaderCodeLibraryPakFileMountedCallback: pending pak file info (ChunkID:-1 Root:root:/ File:C:/Program Files/Epic Games/UE_4.27/FeaturePacks/TP_VehicleBP.upack)
[2022.01.29-07.41.53:387][  0]LogPakFile: OnPakFileMounted2Time == 0.000038
[2022.01.29-07.41.53:389][  0]LogPakFile: PakFile PrimaryIndexSize=192
[2022.01.29-07.41.53:389][  0]LogPakFile: PakFile PathHashIndexSize=101
[2022.01.29-07.41.53:389][  0]LogPakFile: PakFile FullDirectoryIndexSize=158
[2022.01.29-07.41.53:389][  0]LogShaderLibrary: Display: ShaderCodeLibraryPakFileMountedCallback: PakFile 'C:/Program Files/Epic Games/UE_4.27/FeaturePacks/TP_VirtualRealityBP.upack' (chunk index -1, root 'root:/') mounted
[2022.01.29-07.41.53:389][  0]LogShaderLibrary: Display: ShaderCodeLibraryPakFileMountedCallback: pending pak file info (ChunkID:-1 Root:root:/ File:C:/Program Files/Epic Games/UE_4.27/FeaturePacks/TP_VirtualRealityBP.upack)
[2022.01.29-07.41.53:389][  0]LogPakFile: OnPakFileMounted2Time == 0.000058
[2022.01.29-07.41.53:518][  0]LogNativeClassHierarchy: Verbose: Native class hierarchy updated for 'AddContentDialog' in 0.0007 seconds. Added 0 classes and 0 folders.
[2022.01.29-07.41.53:723][  0]LogSlate: Took 0.001785 seconds to synchronously load lazily loaded font '../../../Engine/Content/Slate/Fonts/Roboto-Regular.ttf' (155K)
[2022.01.29-07.41.53:726][  0]LogSlate: Took 0.001935 seconds to synchronously load lazily loaded font '../../../Engine/Content/Editor/Slate/Fonts/FontAwesome.ttf' (139K)
[2022.01.29-07.41.53:730][  0]LogSlate: Took 0.000810 seconds to synchronously load lazily loaded font '../../../Engine/Content/Slate/Fonts/Roboto-Bold.ttf' (160K)
[2022.01.29-07.41.53:829][  0]LogRenderer: Reallocating scene render targets to support 832x440 Format 10 NumSamples 1 (Frame:1).
[2022.01.29-07.41.53:971][  0]LogSlate: Took 0.002238 seconds to synchronously load lazily loaded font '../../../Engine/Content/Slate/Fonts/Roboto-Light.ttf' (167K)
[2022.01.29-07.41.54:347][  0]LogNativeClassHierarchy: Verbose: Native class hierarchy updated for 'HierarchicalLODOutliner' in 0.0007 seconds. Added 0 classes and 0 folders.
[2022.01.29-07.41.54:347][  0]LogLoad: (Engine Initialization) Total time: 9.33 seconds
[2022.01.29-07.41.54:347][  0]LogLoad: (Engine Initialization) Total Blueprint compile time: 0.00 seconds
[2022.01.29-07.41.54:438][  0]LogContentStreaming: Texture pool size now 1000 MB
[2022.01.29-07.41.54:470][  1]LogAssetRegistry: Asset discovery search completed in 6.0185 seconds
[2022.01.29-07.41.54:492][  1]LogCollectionManager: Fixed up redirectors for 0 collections in 0.000007 seconds (updated 0 objects)
[2022.01.29-07.41.54:877][  9]LogRenderer: Reallocating scene render targets to support 832x488 Format 10 NumSamples 1 (Frame:2).
